{"total": {"lines":{"total":27,"covered":27,"skipped":0,"pct":100},"statements":{"total":29,"covered":28,"skipped":0,"pct":96.55},"functions":{"total":12,"covered":11,"skipped":0,"pct":91.66},"branches":{"total":10,"covered":9,"skipped":0,"pct":90},"branchesTrue":{"total":0,"covered":0,"skipped":0,"pct":100}}
,"/Users/yosef/Documents/Projects/TASK-w1t30/repo/web/src/app/core/guards/auth.guard.ts": {"lines":{"total":6,"covered":6,"skipped":0,"pct":100},"functions":{"total":1,"covered":1,"skipped":0,"pct":100},"statements":{"total":6,"covered":6,"skipped":0,"pct":100},"branches":{"total":1,"covered":1,"skipped":0,"pct":100}}
,"/Users/yosef/Documents/Projects/TASK-w1t30/repo/web/src/app/core/stores/auth.store.ts": {"lines":{"total":21,"covered":21,"skipped":0,"pct":100},"functions":{"total":11,"covered":10,"skipped":0,"pct":90.9},"statements":{"total":23,"covered":22,"skipped":0,"pct":95.65},"branches":{"total":9,"covered":8,"skipped":0,"pct":88.88}}
}
