<?xml version="1.0" encoding="UTF-8"?>
<testsuite xmlns:xsi="http://www.w3.org/2001/XMLSchema-instance" xsi:noNamespaceSchemaLocation="https://maven.apache.org/surefire/maven-surefire-plugin/xsd/surefire-test-report-3.0.xsd" version="3.0" name="com.meridian.api.ReportControllerTest" time="29.76" tests="22" errors="0" skipped="0" failures="0">
  <properties>
[...]
</properties>
  <testcase name="getEnrollments_asAdmin_returns200" classname="com.meridian.api.ReportControllerTest" time="1.739">
    <system-out><![CDATA[08:55:27.003 [main] INFO org.springframework.test.context.support.AnnotationConfigContextLoaderUtils -- Could not detect default configuration classes for test class [com.meridian.api.ReportControllerTest]: ReportControllerTest does not declare any static, non-private, non-final, nested classes annotated with @Configuration.
08:55:27.073 [main] INFO org.springframework.boot.test.context.SpringBootTestContextBootstrapper -- Found @SpringBootConfiguration com.meridian.MeridianApplication for test class com.meridian.api.ReportControllerTest
08:55:27.160 [main] INFO org.testcontainers.images.PullPolicy -- Image pull policy will be performed by: DefaultPullPolicy()
08:55:27.161 [main] INFO org.testcontainers.utility.ImageNameSubstitutor -- Image name substitution will be performed by: DefaultImageNameSubstitutor (composite of 'ConfigurationFileImageNameSubstitutor' and 'PrefixingImageNameSubstitutor')
08:55:27.443 [main] INFO org.testcontainers.dockerclient.DockerClientProviderStrategy -- Found Docker environment with local Unix socket (unix:///var/run/docker.sock)
08:55:27.446 [main] INFO org.testcontainers.DockerClientFactory -- Docker host IP address is host.docker.internal
08:55:27.456 [main] INFO org.testcontainers.DockerClientFactory -- Connected to docker: 
  Server Version: 28.1.1
  API Version: 1.49
  Operating System: Docker Desktop
  Total Memory: 7837 MB
08:55:27.458 [main] WARN org.testcontainers.utility.ResourceReaper -- 
********************************************************************************
Ryuk has been disabled. This can cause unexpected behavior in your environment.
********************************************************************************
08:55:27.459 [main] INFO org.testcontainers.DockerClientFactory -- Checking the system...
08:55:27.459 [main] INFO org.testcontainers.DockerClientFactory -- ✔︎ Docker server version should be at least 1.6.0
08:55:27.475 [main] INFO tc.postgres:15-alpine -- Creating container for image: postgres:15-alpine
08:55:27.477 [main] INFO org.testcontainers.utility.RegistryAuthLocator -- Failure when attempting to lookup auth config. Please ignore if you don't have images in an authenticated registry. Details: (dockerImageName: postgres:15-alpine, configFile: /root/.docker/config.json, configEnv: DOCKER_AUTH_CONFIG). Falling back to docker-java default behaviour. Exception message: Status 404: No config supplied. Checked in order: /root/.docker/config.json (file not found), DOCKER_AUTH_CONFIG (not set)
08:55:27.542 [main] INFO tc.postgres:15-alpine -- Container postgres:15-alpine is starting: c31934353b123d5d953d020619e55585b75a35b18f724d0e5680226dc419ee61
08:55:28.474 [main] INFO tc.postgres:15-alpine -- Container postgres:15-alpine started in PT0.99901925S
08:55:28.474 [main] INFO tc.postgres:15-alpine -- Container is started (JDBC URL: jdbc:postgresql://host.docker.internal:63181/meridian_test?loggerLevel=OFF)

  .   ____          _            __ _ _
 /\\ / ___'_ __ _ _(_)_ __  __ _ \ \ \ \
( ( )\___ | '_ | '_| | '_ \/ _` | \ \ \ \
 \\/  ___)| |_)| | | | | || (_| |  ) ) ) )
  '  |____| .__|_| |_|_| |_\__, | / / / /
 =========|_|==============|___/=/_/_/_/
 :: Spring Boot ::                (v3.2.0)

{"timestamp":"2026-05-29T08:55:28.809668922Z","@version":"1","message":"Starting ReportControllerTest using Java 17.0.19 with PID 88 (started by root in /app)","logger":"com.meridian.api.ReportControllerTest","thread_name":"main","level":"INFO","level_value":20000}
{"timestamp":"2026-05-29T08:55:28.813788755Z","@version":"1","message":"The following 1 profile is active: \"test\"","logger":"com.meridian.api.ReportControllerTest","thread_name":"main","level":"INFO","level_value":20000}
{"timestamp":"2026-05-29T08:55:30.769955881Z","@version":"1","message":"HHH90000025: PostgreSQLDialect does not need to be specified explicitly using 'hibernate.dialect' (remove the property setting and it will be selected by default)","logger":"org.hibernate.orm.deprecation","thread_name":"main","level":"WARN","level_value":30000}
{"timestamp":"2026-05-29T08:55:32.252353923Z","@version":"1","message":"Scheduled backup job: key=NIGHTLY_INCREMENTAL type=INCREMENTAL cron=0 0 2 * * ?","logger":"com.meridian.scheduler.QuartzSchedulerService","thread_name":"main","level":"INFO","level_value":20000}
{"timestamp":"2026-05-29T08:55:32.253112465Z","@version":"1","message":"Scheduled backup job: key=WEEKLY_FULL type=FULL cron=0 0 3 ? * SUN","logger":"com.meridian.scheduler.QuartzSchedulerService","thread_name":"main","level":"INFO","level_value":20000}
{"timestamp":"2026-05-29T08:55:32.876610174Z","@version":"1","message":"Started ReportControllerTest in 4.381 seconds (process running for 6.321)","logger":"com.meridian.api.ReportControllerTest","thread_name":"main","level":"INFO","level_value":20000}
{"timestamp":"2026-05-29T08:55:33.241336174Z","@version":"1","message":"Cache miss for REQUEST dispatch to '/api/auth/login' (previous null). Performing MatchableHandlerMapping lookup. This is logged once only at WARN level, and every time at TRACE.","logger":"org.springframework.web.servlet.handler.HandlerMappingIntrospector","thread_name":"main","level":"WARN","level_value":30000}
{"timestamp":"2026-05-29T08:55:33.723447383Z","@version":"1","message":"User logged in: username=admin","logger":"com.meridian.service.AuthService","thread_name":"main","level":"INFO","level_value":20000}
{"timestamp":"2026-05-29T08:55:33.748117466Z","@version":"1","message":"Notification sent to user 33333333-0000-0000-0000-000000000001 with type anomaly_alert","logger":"com.meridian.service.NotificationService","thread_name":"main","level":"INFO","level_value":20000}
{"timestamp":"2026-05-29T08:55:34.040711466Z","@version":"1","message":"User logged in: username=student1","logger":"com.meridian.service.AuthService","thread_name":"main","level":"INFO","level_value":20000}
{"timestamp":"2026-05-29T08:55:34.045131424Z","@version":"1","message":"Notification sent to user 33333333-0000-0000-0000-000000000004 with type anomaly_alert","logger":"com.meridian.service.NotificationService","thread_name":"main","level":"INFO","level_value":20000}
{"timestamp":"2026-05-29T08:55:34.293606924Z","@version":"1","message":"User logged in: username=faculty1","logger":"com.meridian.service.AuthService","thread_name":"main","level":"INFO","level_value":20000}
{"timestamp":"2026-05-29T08:55:34.299417258Z","@version":"1","message":"Notification sent to user 33333333-0000-0000-0000-000000000002 with type anomaly_alert","logger":"com.meridian.service.NotificationService","thread_name":"main","level":"INFO","level_value":20000}
{"timestamp":"2026-05-29T08:55:34.559514633Z","@version":"1","message":"User logged in: username=corp1","logger":"com.meridian.service.AuthService","thread_name":"main","level":"INFO","level_value":20000}
{"timestamp":"2026-05-29T08:55:34.564084925Z","@version":"1","message":"Notification sent to user 33333333-0000-0000-0000-000000000003 with type anomaly_alert","logger":"com.meridian.service.NotificationService","thread_name":"main","level":"INFO","level_value":20000}
]]></system-out>
  </testcase>
  <testcase name="getEnrollments_asStudent_returns403" classname="com.meridian.api.ReportControllerTest" time="1.052">
    <system-out><![CDATA[{"timestamp":"2026-05-29T08:55:34.902904091Z","@version":"1","message":"User logged in: username=admin","logger":"com.meridian.service.AuthService","thread_name":"main","level":"INFO","level_value":20000}
{"timestamp":"2026-05-29T08:55:35.156830842Z","@version":"1","message":"User logged in: username=student1","logger":"com.meridian.service.AuthService","thread_name":"main","level":"INFO","level_value":20000}
{"timestamp":"2026-05-29T08:55:35.419660758Z","@version":"1","message":"User logged in: username=faculty1","logger":"com.meridian.service.AuthService","thread_name":"main","level":"INFO","level_value":20000}
{"timestamp":"2026-05-29T08:55:35.6715838Z","@version":"1","message":"User logged in: username=corp1","logger":"com.meridian.service.AuthService","thread_name":"main","level":"INFO","level_value":20000}
]]></system-out>
  </testcase>
  <testcase name="getEnrollments_unauthenticated_returns401" classname="com.meridian.api.ReportControllerTest" time="1.048">
    <system-out><![CDATA[{"timestamp":"2026-05-29T08:55:35.95040705Z","@version":"1","message":"User logged in: username=admin","logger":"com.meridian.service.AuthService","thread_name":"main","level":"INFO","level_value":20000}
{"timestamp":"2026-05-29T08:55:36.212702134Z","@version":"1","message":"User logged in: username=student1","logger":"com.meridian.service.AuthService","thread_name":"main","level":"INFO","level_value":20000}
{"timestamp":"2026-05-29T08:55:36.470422842Z","@version":"1","message":"User logged in: username=faculty1","logger":"com.meridian.service.AuthService","thread_name":"main","level":"INFO","level_value":20000}
{"timestamp":"2026-05-29T08:55:36.727678967Z","@version":"1","message":"User logged in: username=corp1","logger":"com.meridian.service.AuthService","thread_name":"main","level":"INFO","level_value":20000}
]]></system-out>
  </testcase>
  <testcase name="getSeatUtilization_asFacultyMentor_returns200" classname="com.meridian.api.ReportControllerTest" time="1.042">
    <system-out><![CDATA[{"timestamp":"2026-05-29T08:55:36.995699509Z","@version":"1","message":"User logged in: username=admin","logger":"com.meridian.service.AuthService","thread_name":"main","level":"INFO","level_value":20000}
{"timestamp":"2026-05-29T08:55:37.247245634Z","@version":"1","message":"User logged in: username=student1","logger":"com.meridian.service.AuthService","thread_name":"main","level":"INFO","level_value":20000}
{"timestamp":"2026-05-29T08:55:37.501848093Z","@version":"1","message":"User logged in: username=faculty1","logger":"com.meridian.service.AuthService","thread_name":"main","level":"INFO","level_value":20000}
{"timestamp":"2026-05-29T08:55:37.762212259Z","@version":"1","message":"User logged in: username=corp1","logger":"com.meridian.service.AuthService","thread_name":"main","level":"INFO","level_value":20000}
]]></system-out>
  </testcase>
  <testcase name="getEnrollments_asCorporateMentor_noOrgParam_usesOwnOrg" classname="com.meridian.api.ReportControllerTest" time="1.083">
    <system-out><![CDATA[{"timestamp":"2026-05-29T08:55:38.036089093Z","@version":"1","message":"User logged in: username=admin","logger":"com.meridian.service.AuthService","thread_name":"main","level":"INFO","level_value":20000}
{"timestamp":"2026-05-29T08:55:38.298776635Z","@version":"1","message":"User logged in: username=student1","logger":"com.meridian.service.AuthService","thread_name":"main","level":"INFO","level_value":20000}
{"timestamp":"2026-05-29T08:55:38.553341302Z","@version":"1","message":"User logged in: username=faculty1","logger":"com.meridian.service.AuthService","thread_name":"main","level":"INFO","level_value":20000}
{"timestamp":"2026-05-29T08:55:38.817001635Z","@version":"1","message":"User logged in: username=corp1","logger":"com.meridian.service.AuthService","thread_name":"main","level":"INFO","level_value":20000}
]]></system-out>
  </testcase>
  <testcase name="getEnrollments_asCorporateMentor_differentOrgParam_scopedToOwnOrg" classname="com.meridian.api.ReportControllerTest" time="1.096">
    <system-out><![CDATA[{"timestamp":"2026-05-29T08:55:39.129199802Z","@version":"1","message":"User logged in: username=admin","logger":"com.meridian.service.AuthService","thread_name":"main","level":"INFO","level_value":20000}
{"timestamp":"2026-05-29T08:55:39.390496802Z","@version":"1","message":"User logged in: username=student1","logger":"com.meridian.service.AuthService","thread_name":"main","level":"INFO","level_value":20000}
{"timestamp":"2026-05-29T08:55:39.650400969Z","@version":"1","message":"User logged in: username=faculty1","logger":"com.meridian.service.AuthService","thread_name":"main","level":"INFO","level_value":20000}
{"timestamp":"2026-05-29T08:55:39.943096427Z","@version":"1","message":"User logged in: username=corp1","logger":"com.meridian.service.AuthService","thread_name":"main","level":"INFO","level_value":20000}
]]></system-out>
  </testcase>
  <testcase name="exportReport_asAdmin_noApprovalId_returns200" classname="com.meridian.api.ReportControllerTest" time="1.057">
    <system-out><![CDATA[{"timestamp":"2026-05-29T08:55:40.207095177Z","@version":"1","message":"User logged in: username=admin","logger":"com.meridian.service.AuthService","thread_name":"main","level":"INFO","level_value":20000}
{"timestamp":"2026-05-29T08:55:40.470028177Z","@version":"1","message":"User logged in: username=student1","logger":"com.meridian.service.AuthService","thread_name":"main","level":"INFO","level_value":20000}
{"timestamp":"2026-05-29T08:55:40.730115344Z","@version":"1","message":"User logged in: username=faculty1","logger":"com.meridian.service.AuthService","thread_name":"main","level":"INFO","level_value":20000}
{"timestamp":"2026-05-29T08:55:40.984049928Z","@version":"1","message":"User logged in: username=corp1","logger":"com.meridian.service.AuthService","thread_name":"main","level":"INFO","level_value":20000}
{"timestamp":"2026-05-29T08:55:41.011226261Z","@version":"1","message":"CSV export written to /var/meridian/backups/exports/ENROLLMENTS_20260529_085541.csv","logger":"com.meridian.service.ExportService","thread_name":"main","level":"INFO","level_value":20000}
{"timestamp":"2026-05-29T08:55:41.016930261Z","@version":"1","message":"Export completed: user=33333333-0000-0000-0000-000000000001 type=ENROLLMENTS format=CSV path=/var/meridian/backups/exports/ENROLLMENTS_20260529_085541.csv","logger":"com.meridian.controller.ReportExportController","thread_name":"main","level":"INFO","level_value":20000}
]]></system-out>
  </testcase>
  <testcase name="exportReport_asFacultyMentor_noApprovalId_returns400" classname="com.meridian.api.ReportControllerTest" time="1.067">
    <system-out><![CDATA[{"timestamp":"2026-05-29T08:55:41.275999011Z","@version":"1","message":"User logged in: username=admin","logger":"com.meridian.service.AuthService","thread_name":"main","level":"INFO","level_value":20000}
{"timestamp":"2026-05-29T08:55:41.546327011Z","@version":"1","message":"User logged in: username=student1","logger":"com.meridian.service.AuthService","thread_name":"main","level":"INFO","level_value":20000}
{"timestamp":"2026-05-29T08:55:41.803380011Z","@version":"1","message":"User logged in: username=faculty1","logger":"com.meridian.service.AuthService","thread_name":"main","level":"INFO","level_value":20000}
{"timestamp":"2026-05-29T08:55:42.051461553Z","@version":"1","message":"User logged in: username=corp1","logger":"com.meridian.service.AuthService","thread_name":"main","level":"INFO","level_value":20000}
]]></system-out>
  </testcase>
  <testcase name="exportReport_asFacultyMentor_unknownApprovalId_returns404" classname="com.meridian.api.ReportControllerTest" time="1.059">
    <system-out><![CDATA[{"timestamp":"2026-05-29T08:55:42.340619803Z","@version":"1","message":"User logged in: username=admin","logger":"com.meridian.service.AuthService","thread_name":"main","level":"INFO","level_value":20000}
{"timestamp":"2026-05-29T08:55:42.60190922Z","@version":"1","message":"User logged in: username=student1","logger":"com.meridian.service.AuthService","thread_name":"main","level":"INFO","level_value":20000}
{"timestamp":"2026-05-29T08:55:42.862364179Z","@version":"1","message":"User logged in: username=faculty1","logger":"com.meridian.service.AuthService","thread_name":"main","level":"INFO","level_value":20000}
{"timestamp":"2026-05-29T08:55:43.126506762Z","@version":"1","message":"User logged in: username=corp1","logger":"com.meridian.service.AuthService","thread_name":"main","level":"INFO","level_value":20000}
]]></system-out>
  </testcase>
  <testcase name="exportReport_asFacultyMentor_pendingApprovalId_returns403" classname="com.meridian.api.ReportControllerTest" time="1.054">
    <system-out><![CDATA[{"timestamp":"2026-05-29T08:55:43.398012345Z","@version":"1","message":"User logged in: username=admin","logger":"com.meridian.service.AuthService","thread_name":"main","level":"INFO","level_value":20000}
{"timestamp":"2026-05-29T08:55:43.657283637Z","@version":"1","message":"User logged in: username=student1","logger":"com.meridian.service.AuthService","thread_name":"main","level":"INFO","level_value":20000}
{"timestamp":"2026-05-29T08:55:43.905105054Z","@version":"1","message":"User logged in: username=faculty1","logger":"com.meridian.service.AuthService","thread_name":"main","level":"INFO","level_value":20000}
{"timestamp":"2026-05-29T08:55:44.165550346Z","@version":"1","message":"User logged in: username=corp1","logger":"com.meridian.service.AuthService","thread_name":"main","level":"INFO","level_value":20000}
{"timestamp":"2026-05-29T08:55:44.181306721Z","@version":"1","message":"Broadcast notification to role=ROLE_ADMINISTRATOR type=approval_requested: New approval request of type 'EXPORT' for REPORT ENROLLMENTS","logger":"com.meridian.service.NotificationService","thread_name":"main","level":"INFO","level_value":20000}
{"timestamp":"2026-05-29T08:55:44.187095846Z","@version":"1","message":"Notification sent to user 33333333-0000-0000-0000-000000000001 with type approval_requested","logger":"com.meridian.service.NotificationService","thread_name":"main","level":"INFO","level_value":20000}
]]></system-out>
  </testcase>
  <testcase name="getNotifications_asAuthenticated_returns200" classname="com.meridian.api.ReportControllerTest" time="1.03">
    <system-out><![CDATA[{"timestamp":"2026-05-29T08:55:44.445846304Z","@version":"1","message":"User logged in: username=admin","logger":"com.meridian.service.AuthService","thread_name":"main","level":"INFO","level_value":20000}
{"timestamp":"2026-05-29T08:55:44.697096596Z","@version":"1","message":"User logged in: username=student1","logger":"com.meridian.service.AuthService","thread_name":"main","level":"INFO","level_value":20000}
{"timestamp":"2026-05-29T08:55:44.954302805Z","@version":"1","message":"User logged in: username=faculty1","logger":"com.meridian.service.AuthService","thread_name":"main","level":"INFO","level_value":20000}
{"timestamp":"2026-05-29T08:55:45.203709388Z","@version":"1","message":"User logged in: username=corp1","logger":"com.meridian.service.AuthService","thread_name":"main","level":"INFO","level_value":20000}
]]></system-out>
  </testcase>
  <testcase name="getNotifications_unauthenticated_returns401" classname="com.meridian.api.ReportControllerTest" time="1.056">
    <system-out><![CDATA[{"timestamp":"2026-05-29T08:55:45.49003543Z","@version":"1","message":"User logged in: username=admin","logger":"com.meridian.service.AuthService","thread_name":"main","level":"INFO","level_value":20000}
{"timestamp":"2026-05-29T08:55:45.75254743Z","@version":"1","message":"User logged in: username=student1","logger":"com.meridian.service.AuthService","thread_name":"main","level":"INFO","level_value":20000}
{"timestamp":"2026-05-29T08:55:46.014205347Z","@version":"1","message":"User logged in: username=faculty1","logger":"com.meridian.service.AuthService","thread_name":"main","level":"INFO","level_value":20000}
{"timestamp":"2026-05-29T08:55:46.27880568Z","@version":"1","message":"User logged in: username=corp1","logger":"com.meridian.service.AuthService","thread_name":"main","level":"INFO","level_value":20000}
]]></system-out>
  </testcase>
  <testcase name="markNotificationRead_asOwner_returns200" classname="com.meridian.api.ReportControllerTest" time="1.031">
    <system-out><![CDATA[{"timestamp":"2026-05-29T08:55:46.549532097Z","@version":"1","message":"User logged in: username=admin","logger":"com.meridian.service.AuthService","thread_name":"main","level":"INFO","level_value":20000}
{"timestamp":"2026-05-29T08:55:46.798675472Z","@version":"1","message":"User logged in: username=student1","logger":"com.meridian.service.AuthService","thread_name":"main","level":"INFO","level_value":20000}
{"timestamp":"2026-05-29T08:55:47.0489475Z","@version":"1","message":"User logged in: username=faculty1","logger":"com.meridian.service.AuthService","thread_name":"main","level":"INFO","level_value":20000}
{"timestamp":"2026-05-29T08:55:47.295762916Z","@version":"1","message":"User logged in: username=corp1","logger":"com.meridian.service.AuthService","thread_name":"main","level":"INFO","level_value":20000}
]]></system-out>
  </testcase>
  <testcase name="exportReport_rateLimitExceeded_returns429AndRecordsAnomaly" classname="com.meridian.api.ReportControllerTest" time="1.096">
    <system-out><![CDATA[{"timestamp":"2026-05-29T08:55:47.578832416Z","@version":"1","message":"User logged in: username=admin","logger":"com.meridian.service.AuthService","thread_name":"main","level":"INFO","level_value":20000}
{"timestamp":"2026-05-29T08:55:47.845187958Z","@version":"1","message":"User logged in: username=student1","logger":"com.meridian.service.AuthService","thread_name":"main","level":"INFO","level_value":20000}
{"timestamp":"2026-05-29T08:55:48.10336925Z","@version":"1","message":"User logged in: username=faculty1","logger":"com.meridian.service.AuthService","thread_name":"main","level":"INFO","level_value":20000}
{"timestamp":"2026-05-29T08:55:48.369294625Z","@version":"1","message":"User logged in: username=corp1","logger":"com.meridian.service.AuthService","thread_name":"main","level":"INFO","level_value":20000}
{"timestamp":"2026-05-29T08:55:48.404815834Z","@version":"1","message":"Broadcast notification to role=ROLE_ADMINISTRATOR type=anomaly_alert: User 33333333-0000-0000-0000-000000000001 has exceeded export rate limit with 21 exports in 10 minutes.","logger":"com.meridian.service.NotificationService","thread_name":"main","level":"INFO","level_value":20000}
{"timestamp":"2026-05-29T08:55:48.409242209Z","@version":"1","message":"Notification sent to user 33333333-0000-0000-0000-000000000001 with type anomaly_alert","logger":"com.meridian.service.NotificationService","thread_name":"main","level":"INFO","level_value":20000}
]]></system-out>
  </testcase>
  <testcase name="getRefunds_asAdmin_returns200" classname="com.meridian.api.ReportControllerTest" time="1.015">
    <system-out><![CDATA[{"timestamp":"2026-05-29T08:55:48.66079225Z","@version":"1","message":"User logged in: username=admin","logger":"com.meridian.service.AuthService","thread_name":"main","level":"INFO","level_value":20000}
{"timestamp":"2026-05-29T08:55:48.912656167Z","@version":"1","message":"User logged in: username=student1","logger":"com.meridian.service.AuthService","thread_name":"main","level":"INFO","level_value":20000}
{"timestamp":"2026-05-29T08:55:49.174243667Z","@version":"1","message":"User logged in: username=faculty1","logger":"com.meridian.service.AuthService","thread_name":"main","level":"INFO","level_value":20000}
{"timestamp":"2026-05-29T08:55:49.419812042Z","@version":"1","message":"User logged in: username=corp1","logger":"com.meridian.service.AuthService","thread_name":"main","level":"INFO","level_value":20000}
]]></system-out>
  </testcase>
  <testcase name="getRefunds_asStudent_returns403" classname="com.meridian.api.ReportControllerTest" time="1.023">
    <system-out><![CDATA[{"timestamp":"2026-05-29T08:55:49.685955834Z","@version":"1","message":"User logged in: username=admin","logger":"com.meridian.service.AuthService","thread_name":"main","level":"INFO","level_value":20000}
{"timestamp":"2026-05-29T08:55:49.935124293Z","@version":"1","message":"User logged in: username=student1","logger":"com.meridian.service.AuthService","thread_name":"main","level":"INFO","level_value":20000}
{"timestamp":"2026-05-29T08:55:50.188200959Z","@version":"1","message":"User logged in: username=faculty1","logger":"com.meridian.service.AuthService","thread_name":"main","level":"INFO","level_value":20000}
{"timestamp":"2026-05-29T08:55:50.443768835Z","@version":"1","message":"User logged in: username=corp1","logger":"com.meridian.service.AuthService","thread_name":"main","level":"INFO","level_value":20000}
]]></system-out>
  </testcase>
  <testcase name="getRefunds_asCorporateMentor_returns200" classname="com.meridian.api.ReportControllerTest" time="1.045">
    <system-out><![CDATA[{"timestamp":"2026-05-29T08:55:50.713414835Z","@version":"1","message":"User logged in: username=admin","logger":"com.meridian.service.AuthService","thread_name":"main","level":"INFO","level_value":20000}
{"timestamp":"2026-05-29T08:55:50.977955585Z","@version":"1","message":"User logged in: username=student1","logger":"com.meridian.service.AuthService","thread_name":"main","level":"INFO","level_value":20000}
{"timestamp":"2026-05-29T08:55:51.239084168Z","@version":"1","message":"User logged in: username=faculty1","logger":"com.meridian.service.AuthService","thread_name":"main","level":"INFO","level_value":20000}
{"timestamp":"2026-05-29T08:55:51.48788571Z","@version":"1","message":"User logged in: username=corp1","logger":"com.meridian.service.AuthService","thread_name":"main","level":"INFO","level_value":20000}
]]></system-out>
  </testcase>
  <testcase name="getInventory_asAdmin_returns200" classname="com.meridian.api.ReportControllerTest" time="1.038">
    <system-out><![CDATA[{"timestamp":"2026-05-29T08:55:51.768311002Z","@version":"1","message":"User logged in: username=admin","logger":"com.meridian.service.AuthService","thread_name":"main","level":"INFO","level_value":20000}
{"timestamp":"2026-05-29T08:55:52.016720252Z","@version":"1","message":"User logged in: username=student1","logger":"com.meridian.service.AuthService","thread_name":"main","level":"INFO","level_value":20000}
{"timestamp":"2026-05-29T08:55:52.264144252Z","@version":"1","message":"User logged in: username=faculty1","logger":"com.meridian.service.AuthService","thread_name":"main","level":"INFO","level_value":20000}
{"timestamp":"2026-05-29T08:55:52.527122961Z","@version":"1","message":"User logged in: username=corp1","logger":"com.meridian.service.AuthService","thread_name":"main","level":"INFO","level_value":20000}
]]></system-out>
  </testcase>
  <testcase name="getInventory_asStudent_returns403" classname="com.meridian.api.ReportControllerTest" time="1.011">
    <system-out><![CDATA[{"timestamp":"2026-05-29T08:55:52.782429461Z","@version":"1","message":"User logged in: username=admin","logger":"com.meridian.service.AuthService","thread_name":"main","level":"INFO","level_value":20000}
{"timestamp":"2026-05-29T08:55:53.034878627Z","@version":"1","message":"User logged in: username=student1","logger":"com.meridian.service.AuthService","thread_name":"main","level":"INFO","level_value":20000}
{"timestamp":"2026-05-29T08:55:53.284501378Z","@version":"1","message":"User logged in: username=faculty1","logger":"com.meridian.service.AuthService","thread_name":"main","level":"INFO","level_value":20000}
{"timestamp":"2026-05-29T08:55:53.537903753Z","@version":"1","message":"User logged in: username=corp1","logger":"com.meridian.service.AuthService","thread_name":"main","level":"INFO","level_value":20000}
]]></system-out>
  </testcase>
  <testcase name="getCertificationsExpiring_asAdmin_returns200" classname="com.meridian.api.ReportControllerTest" time="1.044">
    <system-out><![CDATA[{"timestamp":"2026-05-29T08:55:53.800550794Z","@version":"1","message":"User logged in: username=admin","logger":"com.meridian.service.AuthService","thread_name":"main","level":"INFO","level_value":20000}
{"timestamp":"2026-05-29T08:55:54.06652642Z","@version":"1","message":"User logged in: username=student1","logger":"com.meridian.service.AuthService","thread_name":"main","level":"INFO","level_value":20000}
{"timestamp":"2026-05-29T08:55:54.324671628Z","@version":"1","message":"User logged in: username=faculty1","logger":"com.meridian.service.AuthService","thread_name":"main","level":"INFO","level_value":20000}
{"timestamp":"2026-05-29T08:55:54.582365337Z","@version":"1","message":"User logged in: username=corp1","logger":"com.meridian.service.AuthService","thread_name":"main","level":"INFO","level_value":20000}
]]></system-out>
  </testcase>
  <testcase name="getCertificationsExpiring_asStudent_returns403" classname="com.meridian.api.ReportControllerTest" time="1.023">
    <system-out><![CDATA[{"timestamp":"2026-05-29T08:55:54.849129795Z","@version":"1","message":"User logged in: username=admin","logger":"com.meridian.service.AuthService","thread_name":"main","level":"INFO","level_value":20000}
{"timestamp":"2026-05-29T08:55:55.100276212Z","@version":"1","message":"User logged in: username=student1","logger":"com.meridian.service.AuthService","thread_name":"main","level":"INFO","level_value":20000}
{"timestamp":"2026-05-29T08:55:55.350551087Z","@version":"1","message":"User logged in: username=faculty1","logger":"com.meridian.service.AuthService","thread_name":"main","level":"INFO","level_value":20000}
{"timestamp":"2026-05-29T08:55:55.607320254Z","@version":"1","message":"User logged in: username=corp1","logger":"com.meridian.service.AuthService","thread_name":"main","level":"INFO","level_value":20000}
]]></system-out>
  </testcase>
  <testcase name="getCertificationsExpiring_unauthenticated_returns401" classname="com.meridian.api.ReportControllerTest" time="1.048">
    <system-out><![CDATA[{"timestamp":"2026-05-29T08:55:55.861244795Z","@version":"1","message":"User logged in: username=admin","logger":"com.meridian.service.AuthService","thread_name":"main","level":"INFO","level_value":20000}
{"timestamp":"2026-05-29T08:55:56.139651754Z","@version":"1","message":"User logged in: username=student1","logger":"com.meridian.service.AuthService","thread_name":"main","level":"INFO","level_value":20000}
{"timestamp":"2026-05-29T08:55:56.401745546Z","@version":"1","message":"User logged in: username=faculty1","logger":"com.meridian.service.AuthService","thread_name":"main","level":"INFO","level_value":20000}
{"timestamp":"2026-05-29T08:55:56.657261337Z","@version":"1","message":"User logged in: username=corp1","logger":"com.meridian.service.AuthService","thread_name":"main","level":"INFO","level_value":20000}
]]></system-out>
  </testcase>
</testsuite>