<?xml version="1.0" encoding="UTF-8"?>
<testsuite xmlns:xsi="http://www.w3.org/2001/XMLSchema-instance" xsi:noNamespaceSchemaLocation="https://maven.apache.org/surefire/maven-surefire-plugin/xsd/surefire-test-report-3.0.xsd" version="3.0" name="com.meridian.api.SessionSyncControllerTest" time="1.412" tests="5" errors="0" skipped="0" failures="1">
  <properties>
[...]
</properties>
  <testcase name="sync_newRecord_returns200WithAccepted1" classname="com.meridian.api.SessionSyncControllerTest" time="0.296">
    <system-out><![CDATA[{"timestamp":"2026-05-29T09:19:53.587107336Z","@version":"1","message":"User logged in: username=student1","logger":"com.meridian.service.AuthService","thread_name":"main","level":"INFO","level_value":20000}
]]></system-out>
  </testcase>
  <testcase name="sync_duplicateIdempotencyKey_returns200WithDuplicates1" classname="com.meridian.api.SessionSyncControllerTest" time="0.268">
    <system-out><![CDATA[{"timestamp":"2026-05-29T09:19:53.883234628Z","@version":"1","message":"User logged in: username=student1","logger":"com.meridian.service.AuthService","thread_name":"main","level":"INFO","level_value":20000}
]]></system-out>
  </testcase>
  <testcase name="sync_batchExceeds500_returns400" classname="com.meridian.api.SessionSyncControllerTest" time="0.319">
    <failure message="Status expected:&lt;400&gt; but was:&lt;500&gt;" type="java.lang.AssertionError"><![CDATA[java.lang.AssertionError: Status expected:<400> but was:<500>
	at org.springframework.test.util.AssertionErrors.fail(AssertionErrors.java:59)
	at org.springframework.test.util.AssertionErrors.assertEquals(AssertionErrors.java:122)
	at org.springframework.test.web.servlet.result.StatusResultMatchers.lambda$matcher$9(StatusResultMatchers.java:637)
	at org.springframework.test.web.servlet.MockMvc$1.andExpect(MockMvc.java:214)
	at com.meridian.api.SessionSyncControllerTest.sync_batchExceeds500_returns400(SessionSyncControllerTest.java:129)
	at java.base/java.lang.reflect.Method.invoke(Method.java:569)
	at java.base/java.util.ArrayList.forEach(ArrayList.java:1511)
	at java.base/java.util.ArrayList.forEach(ArrayList.java:1511)
]]></failure>
    <system-out><![CDATA[{"timestamp":"2026-05-29T09:19:54.160266711Z","@version":"1","message":"User logged in: username=student1","logger":"com.meridian.service.AuthService","thread_name":"main","level":"INFO","level_value":20000}
{"timestamp":"2026-05-29T09:19:54.214012753Z","@version":"1","message":"Unhandled exception","logger":"com.meridian.exception.GlobalExceptionHandler","thread_name":"main","level":"ERROR","level_value":40000,"stack_trace":"jakarta.validation.ConstraintViolationException: syncSessions.requests: Batch size must not exceed 500\n\tat org.springframework.validation.beanvalidation.MethodValidationInterceptor.invoke(MethodValidationInterceptor.java:170)\n\tat org.springframework.aop.framework.ReflectiveMethodInvocation.proceed(ReflectiveMethodInvocation.java:184)\n\tat org.springframework.aop.framework.CglibAopProxy$CglibMethodInvocation.proceed(CglibAopProxy.java:765)\n\tat org.springframework.security.authorization.method.AuthorizationManagerBeforeMethodInterceptor.invoke(AuthorizationManagerBeforeMethodInterceptor.java:198)\n\tat org.springframework.aop.framework.ReflectiveMethodInvocation.proceed(ReflectiveMethodInvocation.java:184)\n\tat org.springframework.aop.framework.CglibAopProxy$CglibMethodInvocation.proceed(CglibAopProxy.java:765)\n\tat org.springframework.aop.framework.CglibAopProxy$DynamicAdvisedInterceptor.intercept(CglibAopProxy.java:717)\n\tat com.meridian.controller.SessionSyncController$$SpringCGLIB$$0.syncSessions(<generated>)\n\tat java.base/jdk.internal.reflect.NativeMethodAccessorImpl.invoke0(Native Method)\n\tat java.base/jdk.internal.reflect.NativeMethodAccessorImpl.invoke(NativeMethodAccessorImpl.java:77)\n\tat java.base/jdk.internal.reflect.DelegatingMethodAccessorImpl.invoke(DelegatingMethodAccessorImpl.java:43)\n\tat java.base/java.lang.reflect.Method.invoke(Method.java:569)\n\tat org.springframework.web.method.support.InvocableHandlerMethod.doInvoke(InvocableHandlerMethod.java:254)\n\tat org.springframework.web.method.support.InvocableHandlerMethod.invokeForRequest(InvocableHandlerMethod.java:182)\n\tat org.springframework.web.servlet.mvc.method.annotation.ServletInvocableHandlerMethod.invokeAndHandle(ServletInvocableHandlerMethod.java:118)\n\tat org.springframework.web.servlet.mvc.method.annotation.RequestMappingHandlerAdapter.invokeHandlerMethod(RequestMappingHandlerAdapter.java:917)\n\tat org.springframework.web.servlet.mvc.method.annotation.RequestMappingHandlerAdapter.handleInternal(RequestMappingHandlerAdapter.java:829)\n\tat org.springframework.web.servlet.mvc.method.AbstractHandlerMethodAdapter.handle(AbstractHandlerMethodAdapter.java:87)\n\tat org.springframework.web.servlet.DispatcherServlet.doDispatch(DispatcherServlet.java:1089)\n\tat org.springframework.web.servlet.DispatcherServlet.doService(DispatcherServlet.java:979)\n\tat org.springframework.web.servlet.FrameworkServlet.processRequest(FrameworkServlet.java:1014)\n\tat org.springframework.web.servlet.FrameworkServlet.doPost(FrameworkServlet.java:914)\n\tat jakarta.servlet.http.HttpServlet.service(HttpServlet.java:590)\n\tat org.springframework.web.servlet.FrameworkServlet.service(FrameworkServlet.java:885)\n\tat org.springframework.test.web.servlet.TestDispatcherServlet.service(TestDispatcherServlet.java:72)\n\tat jakarta.servlet.http.HttpServlet.service(HttpServlet.java:658)\n\tat org.springframework.mock.web.MockFilterChain$ServletFilterProxy.doFilter(MockFilterChain.java:165)\n\tat org.springframework.mock.web.MockFilterChain.doFilter(MockFilterChain.java:132)\n\tat org.springframework.web.filter.OncePerRequestFilter.doFilter(OncePerRequestFilter.java:110)\n\tat org.springframework.test.web.servlet.setup.MockMvcFilterDecorator.doFilter(MockMvcFilterDecorator.java:151)\n\tat org.springframework.mock.web.MockFilterChain.doFilter(MockFilterChain.java:132)\n\tat com.meridian.config.SecurityHeadersFilter.doFilterInternal(SecurityHeadersFilter.java:27)\n\tat org.springframework.web.filter.OncePerRequestFilter.doFilter(OncePerRequestFilter.java:116)\n\tat org.springframework.test.web.servlet.setup.MockMvcFilterDecorator.doFilter(MockMvcFilterDecorator.java:151)\n\tat org.springframework.mock.web.MockFilterChain.doFilter(MockFilterChain.java:132)\n\tat org.springframework.security.web.FilterChainProxy.lambda$doFilterInternal$3(FilterChainProxy.java:231)\n\tat org.springframework.security.web.ObservationFilterChainDecorator$FilterObservation$SimpleFilterObservation.lambda$wrap$1(ObservationFilterChainDecorator.java:479)\n\tat org.springframework.security.web.ObservationFilterChainDecorator$AroundFilterObservation$SimpleAroundFilterObservation.lambda$wrap$1(ObservationFilterChainDecorator.java:340)\n\tat org.springframework.security.web.ObservationFilterChainDecorator.lambda$wrapSecured$0(ObservationFilterChainDecorator.java:82)\n\tat org.springframework.security.web.ObservationFilterChainDecorator$VirtualFilterChain.doFilter(ObservationFilterChainDecorator.java:128)\n\tat org.springframework.security.web.access.intercept.AuthorizationFilter.doFilter(AuthorizationFilter.java:100)\n\tat org.springframework.security.web.ObservationFilterChainDecorator$ObservationFilter.wrapFilter(ObservationFilterChainDecorator.java:240)\n\tat org.springframework.security.web.ObservationFilterChainDecorator$ObservationFilter.doFilter(ObservationFilterChainDecorator.java:227)\n\tat org.springframework.security.web.ObservationFilterChainDecorator$VirtualFilterChain.doFilter(ObservationFilterChainDecorator.java:137)\n\tat org.springframework.security.web.access.ExceptionTranslationFilter.doFilter(ExceptionTranslationFilter.java:126)\n\tat org.springframework.security.web.access.ExceptionTranslationFilter.doFilter(ExceptionTranslationFilter.java:120)\n\tat org.springframework.security.web.ObservationFilterChainDecorator$ObservationFilter.wrapFilter(ObservationFilterChainDecorator.java:240)\n\tat org.springframework.security.web.ObservationFilterChainDecorator$ObservationFilter.doFilter(ObservationFilterChainDecorator.java:227)\n\tat org.springframework.security.web.ObservationFilterChainDecorator$VirtualFilterChain.doFilter(ObservationFilterChainDecorator.java:137)\n\tat org.springframework.security.web.session.SessionManagementFilter.doFilter(SessionManagementFilter.java:131)\n\tat org.springframework.security.web.session.SessionManagementFilter.doFilter(SessionManagementFilter.java:85)\n\tat org.springframework.security.web.ObservationFilterChainDecorator$ObservationFilter.wrapFilter(ObservationFilterChainDecorator.java:240)\n\tat org.springframework.security.web.ObservationFilterChainDecorator$ObservationFilter.doFilter(ObservationFilterChainDecorator.java:227)\n\tat org.springframework.security.web.ObservationFilterChainDecorator$VirtualFilterChain.doFilter(ObservationFilterChainDecorator.java:137)\n\tat org.springframework.security.web.authentication.AnonymousAuthenticationFilter.doFilter(AnonymousAuthenticationFilter.java:100)\n\tat org.springframework.security.web.ObservationFilterChainDecorator$ObservationFilter.wrapFilter(ObservationFilterChainDecorator.java:240)\n\tat org.springframework.security.web.ObservationFilterChainDecorator$ObservationFilter.doFilter(ObservationFilterChainDecorator.java:227)\n\tat org.springframework.security.web.ObservationFilterChainDecorator$VirtualFilterChain.doFilter(ObservationFilterChainDecorator.java:137)\n\tat org.springframework.security.web.servletapi.SecurityContextHolderAwareRequestFilter.doFilter(SecurityContextHolderAwareRequestFilter.java:179)\n\tat org.springframework.security.web.ObservationFilterChainDecorator$ObservationFilter.wrapFilter(ObservationFilterChainDecorator.java:240)\n\tat org.springframework.security.web.ObservationFilterChainDecorator$ObservationFilter.doFilter(ObservationFilterChainDecorator.java:227)\n\tat org.springframework.security.web.ObservationFilterChainDecorator$VirtualFilterChain.doFilter(ObservationFilterChainDecorator.java:137)\n\tat org.springframework.security.web.savedrequest.RequestCacheAwareFilter.doFilter(RequestCacheAwareFilter.java:63)\n\tat org.springframework.security.web.ObservationFilterChainDecorator$ObservationFilter.wrapFilter(ObservationFilterChainDecorator.java:240)\n\tat org.springframework.security.web.ObservationFilterChainDecorator$ObservationFilter.doFilter(ObservationFilterChainDecorator.java:227)\n\tat org.springframework.security.web.ObservationFilterChainDecorator$VirtualFilterChain.doFilter(ObservationFilterChainDecorator.java:137)\n\tat com.meridian.security.JwtAuthFilter.doFilterInternal(JwtAuthFilter.java:74)\n\tat org.springframework.web.filter.OncePerRequestFilter.doFilter(OncePerRequestFilter.java:116)\n\tat org.springframework.security.web.ObservationFilterChainDecorator$ObservationFilter.wrapFilter(ObservationFilterChainDecorator.java:240)\n\tat org.springframework.security.web.ObservationFilterChainDecorator$ObservationFilter.doFilter(ObservationFilterChainDecorator.java:227)\n\tat org.springframework.security.web.ObservationFilterChainDecorator$VirtualFilterChain.doFilter(ObservationFilterChainDecorator.java:137)\n\tat org.springframework.security.web.authentication.logout.LogoutFilter.doFilter(LogoutFilter.java:107)\n\tat org.springframework.security.web.authentication.logout.LogoutFilter.doFilter(LogoutFilter.java:93)\n\tat org.springframework.security.web.ObservationFilterChainDecorator$ObservationFilter.wrapFilter(ObservationFilterChainDecorator.java:240)\n\tat org.springframework.security.web.ObservationFilterChainDecorator$ObservationFilter.doFilter(ObservationFilterChainDecorator.java:227)\n\tat org.springframework.security.web.ObservationFilterChainDecorator$VirtualFilterChain.doFilter(ObservationFilterChainDecorator.java:137)\n\tat org.springframework.web.filter.CorsFilter.doFilterInternal(CorsFilter.java:91)\n\tat org.springframework.web.filter.OncePerRequestFilter.doFilter(OncePerRequestFilter.java:116)\n\tat org.springframework.security.web.ObservationFilterChainDecorator$ObservationFilter.wrapFilter(ObservationFilterChainDecorator.java:240)\n\tat org.springframework.security.web.ObservationFilterChainDecorator$ObservationFilter.doFilter(ObservationFilterChainDecorator.java:227)\n\tat org.springframework.security.web.ObservationFilterChainDecorator$VirtualFilterChain.doFilter(ObservationFilterChainDecorator.java:137)\n\tat org.springframework.security.web.header.HeaderWriterFilter.doHeadersAfter(HeaderWriterFilter.java:90)\n\tat org.springframework.security.web.header.HeaderWriterFilter.doFilterInternal(HeaderWriterFilter.java:75)\n\tat org.springframework.web.filter.OncePerRequestFilter.doFilter(OncePerRequestFilter.java:116)\n\tat org.springframework.security.web.ObservationFilterChainDecorator$ObservationFilter.wrapFilter(ObservationFilterChainDecorator.java:240)\n\tat org.springframework.security.web.ObservationFilterChainDecorator$ObservationFilter.doFilter(ObservationFilterChainDecorator.java:227)\n\tat org.springframework.security.web.ObservationFilterChainDecorator$VirtualFilterChain.doFilter(ObservationFilterChainDecorator.java:137)\n\tat org.springframework.security.web.context.SecurityContextHolderFilter.doFilter(SecurityContextHolderFilter.java:82)\n\tat org.springframework.security.web.context.SecurityContextHolderFilter.doFilter(SecurityContextHolderFilter.java:69)\n\tat org.springframework.security.web.ObservationFilterChainDecorator$ObservationFilter.wrapFilter(ObservationFilterChainDecorator.java:240)\n\tat org.springframework.security.web.ObservationFilterChainDecorator$ObservationFilter.doFilter(ObservationFilterChainDecorator.java:227)\n\tat org.springframework.security.web.ObservationFilterChainDecorator$VirtualFilterChain.doFilter(ObservationFilterChainDecorator.java:137)\n\tat org.springframework.security.web.context.request.async.WebAsyncManagerIntegrationFilter.doFilterInternal(WebAsyncManagerIntegrationFilter.java:62)\n\tat org.springframework.web.filter.OncePerRequestFilter.doFilter(OncePerRequestFilter.java:116)\n\tat org.springframework.security.web.ObservationFilterChainDecorator$ObservationFilter.wrapFilter(ObservationFilterChainDecorator.java:240)\n\tat org.springframework.security.web.ObservationFilterChainDecorator$ObservationFilter.doFilter(ObservationFilterChainDecorator.java:227)\n\tat org.springframework.security.web.ObservationFilterChainDecorator$VirtualFilterChain.doFilter(ObservationFilterChainDecorator.java:137)\n\tat org.springframework.security.web.session.DisableEncodeUrlFilter.doFilterInternal(DisableEncodeUrlFilter.java:42)\n\tat org.springframework.web.filter.OncePerRequestFilter.doFilter(OncePerRequestFilter.java:116)\n\tat org.springframework.security.web.ObservationFilterChainDecorator$ObservationFilter.wrapFilter(ObservationFilterChainDecorator.java:240)\n\tat org.springframework.security.web.ObservationFilterChainDecorator$AroundFilterObservation$SimpleAroundFilterObservation.lambda$wrap$0(ObservationFilterChainDecorator.java:323)\n\tat org.springframework.security.web.ObservationFilterChainDecorator$ObservationFilter.doFilter(ObservationFilterChainDecorator.java:224)\n\tat org.springframework.security.web.ObservationFilterChainDecorator$VirtualFilterChain.doFilter(ObservationFilterChainDecorator.java:137)\n\tat org.springframework.security.web.FilterChainProxy.doFilterInternal(FilterChainProxy.java:233)\n\tat org.springframework.security.web.FilterChainProxy.doFilter(FilterChainProxy.java:191)\n\tat org.springframework.web.filter.DelegatingFilterProxy.invokeDelegate(DelegatingFilterProxy.java:352)\n\tat org.springframework.web.filter.DelegatingFilterProxy.doFilter(DelegatingFilterProxy.java:268)\n\tat org.springframework.test.web.servlet.setup.MockMvcFilterDecorator.doFilter(MockMvcFilterDecorator.java:151)\n\tat org.springframework.mock.web.MockFilterChain.doFilter(MockFilterChain.java:132)\n\tat org.springframework.web.filter.RequestContextFilter.doFilterInternal(RequestContextFilter.java:100)\n\tat org.springframework.web.filter.OncePerRequestFilter.doFilter(OncePerRequestFilter.java:116)\n\tat org.springframework.test.web.servlet.setup.MockMvcFilterDecorator.doFilter(MockMvcFilterDecorator.java:151)\n\tat org.springframework.mock.web.MockFilterChain.doFilter(MockFilterChain.java:132)\n\tat org.springframework.web.filter.FormContentFilter.doFilterInternal(FormContentFilter.java:93)\n\tat org.springframework.web.filter.OncePerRequestFilter.doFilter(OncePerRequestFilter.java:116)\n\tat org.springframework.test.web.servlet.setup.MockMvcFilterDecorator.doFilter(MockMvcFilterDecorator.java:151)\n\tat org.springframework.mock.web.MockFilterChain.doFilter(MockFilterChain.java:132)\n\tat org.springframework.web.filter.ServerHttpObservationFilter.doFilterInternal(ServerHttpObservationFilter.java:109)\n\tat org.springframework.web.filter.OncePerRequestFilter.doFilter(OncePerRequestFilter.java:116)\n\tat org.springframework.test.web.servlet.setup.MockMvcFilterDecorator.doFilter(MockMvcFilterDecorator.java:151)\n\tat org.springframework.mock.web.MockFilterChain.doFilter(MockFilterChain.java:132)\n\tat org.springframework.web.filter.CharacterEncodingFilter.doFilterInternal(CharacterEncodingFilter.java:201)\n\tat org.springframework.web.filter.OncePerRequestFilter.doFilter(OncePerRequestFilter.java:116)\n\tat org.springframework.test.web.servlet.setup.MockMvcFilterDecorator.doFilter(MockMvcFilterDecorator.java:151)\n\tat org.springframework.mock.web.MockFilterChain.doFilter(MockFilterChain.java:132)\n\tat org.springframework.test.web.servlet.MockMvc.perform(MockMvc.java:201)\n\tat com.meridian.api.SessionSyncControllerTest.sync_batchExceeds500_returns400(SessionSyncControllerTest.java:125)\n\tat java.base/jdk.internal.reflect.NativeMethodAccessorImpl.invoke0(Native Method)\n\tat java.base/jdk.internal.reflect.NativeMethodAccessorImpl.invoke(NativeMethodAccessorImpl.java:77)\n\tat java.base/jdk.internal.reflect.DelegatingMethodAccessorImpl.invoke(DelegatingMethodAccessorImpl.java:43)\n\tat java.base/java.lang.reflect.Method.invoke(Method.java:569)\n\tat org.junit.platform.commons.util.ReflectionUtils.invokeMethod(ReflectionUtils.java:728)\n\tat org.junit.jupiter.engine.execution.MethodInvocation.proceed(MethodInvocation.java:60)\n\tat org.junit.jupiter.engine.execution.InvocationInterceptorChain$ValidatingInvocation.proceed(InvocationInterceptorChain.java:131)\n\tat org.junit.jupiter.engine.extension.TimeoutExtension.intercept(TimeoutExtension.java:156)\n\tat org.junit.jupiter.engine.extension.TimeoutExtension.interceptTestableMethod(TimeoutExtension.java:147)\n\tat org.junit.jupiter.engine.extension.TimeoutExtension.interceptTestMethod(TimeoutExtension.java:86)\n\tat org.junit.jupiter.engine.execution.InterceptingExecutableInvoker$ReflectiveInterceptorCall.lambda$ofVoidMethod$0(InterceptingExecutableInvoker.java:103)\n\tat org.junit.jupiter.engine.execution.InterceptingExecutableInvoker.lambda$invoke$0(InterceptingExecutableInvoker.java:93)\n\tat org.junit.jupiter.engine.execution.InvocationInterceptorChain$InterceptedInvocation.proceed(InvocationInterceptorChain.java:106)\n\tat org.junit.jupiter.engine.execution.InvocationInterceptorChain.proceed(InvocationInterceptorChain.java:64)\n\tat org.junit.jupiter.engine.execution.InvocationInterceptorChain.chainAndInvoke(InvocationInterceptorChain.java:45)\n\tat org.junit.jupiter.engine.execution.InvocationInterceptorChain.invoke(InvocationInterceptorChain.java:37)\n\tat org.junit.jupiter.engine.execution.InterceptingExecutableInvoker.invoke(InterceptingExecutableInvoker.java:92)\n\tat org.junit.jupiter.engine.execution.InterceptingExecutableInvoker.invoke(InterceptingExecutableInvoker.java:86)\n\tat org.junit.jupiter.engine.descriptor.TestMethodTestDescriptor.lambda$invokeTestMethod$7(TestMethodTestDescriptor.java:218)\n\tat org.junit.platform.engine.support.hierarchical.ThrowableCollector.execute(ThrowableCollector.java:73)\n\tat org.junit.jupiter.engine.descriptor.TestMethodTestDescriptor.invokeTestMethod(TestMethodTestDescriptor.java:214)\n\tat org.junit.jupiter.engine.descriptor.TestMethodTestDescriptor.execute(TestMethodTestDescriptor.java:139)\n\tat org.junit.jupiter.engine.descriptor.TestMethodTestDescriptor.execute(TestMethodTestDescriptor.java:69)\n\tat org.junit.platform.engine.support.hierarchical.NodeTestTask.lambda$executeRecursively$6(NodeTestTask.java:151)\n\tat org.junit.platform.engine.support.hierarchical.ThrowableCollector.execute(ThrowableCollector.java:73)\n\tat org.junit.platform.engine.support.hierarchical.NodeTestTask.lambda$executeRecursively$8(NodeTestTask.java:141)\n\tat org.junit.platform.engine.support.hierarchical.Node.around(Node.java:137)\n\tat org.junit.platform.engine.support.hierarchical.NodeTestTask.lambda$executeRecursively$9(NodeTestTask.java:139)\n\tat org.junit.platform.engine.support.hierarchical.ThrowableCollector.execute(ThrowableCollector.java:73)\n\tat org.junit.platform.engine.support.hierarchical.NodeTestTask.executeRecursively(NodeTestTask.java:138)\n\tat org.junit.platform.engine.support.hierarchical.NodeTestTask.execute(NodeTestTask.java:95)\n\tat java.base/java.util.ArrayList.forEach(ArrayList.java:1511)\n\tat org.junit.platform.engine.support.hierarchical.SameThreadHierarchicalTestExecutorService.invokeAll(SameThreadHierarchicalTestExecutorService.java:41)\n\tat org.junit.platform.engine.support.hierarchical.NodeTestTask.lambda$executeRecursively$6(NodeTestTask.java:155)\n\tat org.junit.platform.engine.support.hierarchical.ThrowableCollector.execute(ThrowableCollector.java:73)\n\tat org.junit.platform.engine.support.hierarchical.NodeTestTask.lambda$executeRecursively$8(NodeTestTask.java:141)\n\tat org.junit.platform.engine.support.hierarchical.Node.around(Node.java:137)\n\tat org.junit.platform.engine.support.hierarchical.NodeTestTask.lambda$executeRecursively$9(NodeTestTask.java:139)\n\tat org.junit.platform.engine.support.hierarchical.ThrowableCollector.execute(ThrowableCollector.java:73)\n\tat org.junit.platform.engine.support.hierarchical.NodeTestTask.executeRecursively(NodeTestTask.java:138)\n\tat org.junit.platform.engine.support.hierarchical.NodeTestTask.execute(NodeTestTask.java:95)\n\tat java.base/java.util.ArrayList.forEach(ArrayList.java:1511)\n\tat org.junit.platform.engine.support.hierarchical.SameThreadHierarchicalTestExecutorService.invokeAll(SameThreadHierarchicalTestExecutorService.java:41)\n\tat org.junit.platform.engine.support.hierarchical.NodeTestTask.lambda$executeRecursively$6(NodeTestTask.java:155)\n\tat org.junit.platform.engine.support.hierarchical.ThrowableCollector.execute(ThrowableCollector.java:73)\n\tat org.junit.platform.engine.support.hierarchical.NodeTestTask.lambda$executeRecursively$8(NodeTestTask.java:141)\n\tat org.junit.platform.engine.support.hierarchical.Node.around(Node.java:137)\n\tat org.junit.platform.engine.support.hierarchical.NodeTestTask.lambda$executeRecursively$9(NodeTestTask.java:139)\n\tat org.junit.platform.engine.support.hierarchical.ThrowableCollector.execute(ThrowableCollector.java:73)\n\tat org.junit.platform.engine.support.hierarchical.NodeTestTask.executeRecursively(NodeTestTask.java:138)\n\tat org.junit.platform.engine.support.hierarchical.NodeTestTask.execute(NodeTestTask.java:95)\n\tat org.junit.platform.engine.support.hierarchical.SameThreadHierarchicalTestExecutorService.submit(SameThreadHierarchicalTestExecutorService.java:35)\n\tat org.junit.platform.engine.support.hierarchical.HierarchicalTestExecutor.execute(HierarchicalTestExecutor.java:57)\n\tat org.junit.platform.engine.support.hierarchical.HierarchicalTestEngine.execute(HierarchicalTestEngine.java:54)\n\tat org.junit.platform.launcher.core.EngineExecutionOrchestrator.execute(EngineExecutionOrchestrator.java:198)\n\tat org.junit.platform.launcher.core.EngineExecutionOrchestrator.execute(EngineExecutionOrchestrator.java:169)\n\tat org.junit.platform.launcher.core.EngineExecutionOrchestrator.execute(EngineExecutionOrchestrator.java:93)\n\tat org.junit.platform.launcher.core.EngineExecutionOrchestrator.lambda$execute$0(EngineExecutionOrchestrator.java:58)\n\tat org.junit.platform.launcher.core.EngineExecutionOrchestrator.withInterceptedStreams(EngineExecutionOrchestrator.java:141)\n\tat org.junit.platform.launcher.core.EngineExecutionOrchestrator.execute(EngineExecutionOrchestrator.java:57)\n\tat org.junit.platform.launcher.core.DefaultLauncher.execute(DefaultLauncher.java:103)\n\tat org.junit.platform.launcher.core.DefaultLauncher.execute(DefaultLauncher.java:85)\n\tat org.junit.platform.launcher.core.DelegatingLauncher.execute(DelegatingLauncher.java:47)\n\tat org.apache.maven.surefire.junitplatform.LazyLauncher.execute(LazyLauncher.java:56)\n\tat org.apache.maven.surefire.junitplatform.JUnitPlatformProvider.execute(JUnitPlatformProvider.java:184)\n\tat org.apache.maven.surefire.junitplatform.JUnitPlatformProvider.invokeAllTests(JUnitPlatformProvider.java:148)\n\tat org.apache.maven.surefire.junitplatform.JUnitPlatformProvider.invoke(JUnitPlatformProvider.java:122)\n\tat org.apache.maven.surefire.booter.ForkedBooter.runSuitesInProcess(ForkedBooter.java:385)\n\tat org.apache.maven.surefire.booter.ForkedBooter.execute(ForkedBooter.java:162)\n\tat org.apache.maven.surefire.booter.ForkedBooter.run(ForkedBooter.java:507)\n\tat org.apache.maven.surefire.booter.ForkedBooter.main(ForkedBooter.java:495)\n"}

MockHttpServletRequest:
      HTTP Method = POST
      Request URI = /api/auth/login
       Parameters = {}
          Headers = [Content-Type:"application/json;charset=UTF-8", Content-Length:"53"]
             Body = {"username":"student1","password":"Student@12345678"}
    Session Attrs = {}

Handler:
             Type = com.meridian.controller.AuthController
           Method = com.meridian.controller.AuthController#login(LoginRequest, HttpServletRequest, HttpServletResponse)

Async:
    Async started = false
     Async result = null

Resolved Exception:
             Type = null

ModelAndView:
        View name = null
             View = null
            Model = null

FlashMap:
       Attributes = null

MockHttpServletResponse:
           Status = 200
    Error message = null
          Headers = [Vary:"Origin", "Access-Control-Request-Method", "Access-Control-Request-Headers", X-Content-Type-Options:"nosniff", X-Frame-Options:"DENY", Strict-Transport-Security:"max-age=31536000; includeSubDomains", Content-Security-Policy:"default-src 'self'", Referrer-Policy:"strict-origin-when-cross-origin", Set-Cookie:"refreshToken=eyJhbGciOiJIUzM4NCJ9.eyJzdWIiOiIzMzMzMzMzMy0wMDAwLTAwMDAtMDAwMC0wMDAwMDAwMDAwMDQiLCJqdGkiOiI5YTE3OTBjZC00OTExLTRhZjctOGYxNS01Mzg1ODgxNzVhZTEiLCJ0eXBlIjoiUkVGUkVTSCIsImlhdCI6MTc4MDA0NjM5NCwiZXhwIjoxNzgwNjUxMTk0fQ.ewnTgqgwWNJylmAIFbpnjPwj36m457tvap3hCUcoe7RBFP3wxUmhwT8jX073h_cO; Path=/api/auth/refresh; Max-Age=604800; Expires=Fri, 05 Jun 2026 09:19:54 GMT; Secure; HttpOnly", Content-Type:"application/json", X-XSS-Protection:"0", Cache-Control:"no-cache, no-store, max-age=0, must-revalidate", Pragma:"no-cache", Expires:"0"]
     Content type = application/json
             Body = {"accessToken":"eyJhbGciOiJIUzM4NCJ9.eyJzdWIiOiJzdHVkZW50MSIsInR5cGUiOiJBQ0NFU1MiLCJ1c2VySWQiOiIzMzMzMzMzMy0wMDAwLTAwMDAtMDAwMC0wMDAwMDAwMDAwMDQiLCJyb2xlIjoiUk9MRV9TVFVERU5UIiwiaWF0IjoxNzgwMDQ2Mzk0LCJleHAiOjE3ODAwNDcyOTR9.5Xg1oOt6QUOStgss04Uv_OqhGZe6jabsRTbgdHlWcnC6BZyTmXtPPSMC2WUqdIYB","tokenType":"Bearer","expiresIn":900,"user":{"id":"33333333-0000-0000-0000-000000000004","username":"student1","role":"ROLE_STUDENT","organizationId":null}}
    Forwarded URL = null
   Redirected URL = null
          Cookies = [[Cookie@4923c437 name = 'refreshToken', value = 'eyJhbGciOiJIUzM4NCJ9.eyJzdWIiOiIzMzMzMzMzMy0wMDAwLTAwMDAtMDAwMC0wMDAwMDAwMDAwMDQiLCJqdGkiOiI5YTE3OTBjZC00OTExLTRhZjctOGYxNS01Mzg1ODgxNzVhZTEiLCJ0eXBlIjoiUkVGUkVTSCIsImlhdCI6MTc4MDA0NjM5NCwiZXhwIjoxNzgwNjUxMTk0fQ.ewnTgqgwWNJylmAIFbpnjPwj36m457tvap3hCUcoe7RBFP3wxUmhwT8jX073h_cO', comment = [null], domain = [null], maxAge = 604800, path = '/api/auth/refresh', secure = true, version = 0, httpOnly = true]]

MockHttpServletRequest:
      HTTP Method = POST
      Request URI = /api/sessions/sync
       Parameters = {}
          Headers = [Content-Type:"application/json;charset=UTF-8", Authorization:"Bearer eyJhbGciOiJIUzM4NCJ9.eyJzdWIiOiJzdHVkZW50MSIsInR5cGUiOiJBQ0NFU1MiLCJ1c2VySWQiOiIzMzMzMzMzMy0wMDAwLTAwMDAtMDAwMC0wMDAwMDAwMDAwMDQiLCJyb2xlIjoiUk9MRV9TVFVERU5UIiwiaWF0IjoxNzgwMDQ2Mzk0LCJleHAiOjE3ODAwNDcyOTR9.5Xg1oOt6QUOStgss04Uv_OqhGZe6jabsRTbgdHlWcnC6BZyTmXtPPSMC2WUqdIYB", Content-Length:"148688"]
             Body = [{"startedAt":"2026-05-29T09:19:54.168014669Z","restTimerSecs":60,"status":"IN_PROGRESS","activities":[],"idempotencyKey":"bulk-key-0-89b17e35-b5c6-4ece-ac40-89cb33c6f8c4","courseVersion":"1.0","courseId":"44444444-0000-0000-0000-000000000001","clientUpdatedAt":"2026-05-29T09:19:54.168029836Z"},{"startedAt":"2026-05-29T09:19:54.168042378Z","restTimerSecs":60,"status":"IN_PROGRESS","activities":[],"idempotencyKey":"bulk-key-1-942c0e61-7015-41e2-bb54-b65edde585ef","courseVersion":"1.0","courseId":"44444444-0000-0000-0000-000000000001","clientUpdatedAt":"2026-05-29T09:19:54.168044878Z"},{"startedAt":"2026-05-29T09:19:54.168061336Z","restTimerSecs":60,"status":"IN_PROGRESS","activities":[],"idempotencyKey":"bulk-key-2-a0b4c932-ea34-4760-8673-9b1697095142","courseVersion":"1.0","courseId":"44444444-0000-0000-0000-000000000001","clientUpdatedAt":"2026-05-29T09:19:54.168064711Z"},{"startedAt":"2026-05-29T09:19:54.168080003Z","restTimerSecs":60,"status":"IN_PROGRESS","activities":[],"idempotencyKey":"bulk-key-3-2f51a9db-fcc4-4f39-bbf7-17679fc8e51f","courseVersion":"1.0","courseId":"44444444-0000-0000-0000-000000000001","clientUpdatedAt":"2026-05-29T09:19:54.168083128Z"},{"startedAt":"2026-05-29T09:19:54.168087794Z","restTimerSecs":60,"status":"IN_PROGRESS","activities":[],"idempotencyKey":"bulk-key-4-c89028d8-3b9b-4f4a-b83a-7b6b98fd63bf","courseVersion":"1.0","courseId":"44444444-0000-0000-0000-000000000001","clientUpdatedAt":"2026-05-29T09:19:54.168090211Z"},{"startedAt":"2026-05-29T09:19:54.168100753Z","restTimerSecs":60,"status":"IN_PROGRESS","activities":[],"idempotencyKey":"bulk-key-5-9cebb87b-feb4-476c-a5c6-3de3b7eee35f","courseVersion":"1.0","courseId":"44444444-0000-0000-0000-000000000001","clientUpdatedAt":"2026-05-29T09:19:54.168103253Z"},{"startedAt":"2026-05-29T09:19:54.168111711Z","restTimerSecs":60,"status":"IN_PROGRESS","activities":[],"idempotencyKey":"bulk-key-6-f8d87ecf-3f64-436f-bb2a-f98884a8bd93","courseVersion":"1.0","courseId":"44444444-0000-0000-0000-000000000001","clientUpdatedAt":"2026-05-29T09:19:54.168115378Z"},{"startedAt":"2026-05-29T09:19:54.168120336Z","restTimerSecs":60,"status":"IN_PROGRESS","activities":[],"idempotencyKey":"bulk-key-7-eedcc3fc-4dca-49af-8f9a-3e3db7ca685f","courseVersion":"1.0","courseId":"44444444-0000-0000-0000-000000000001","clientUpdatedAt":"2026-05-29T09:19:54.168122711Z"},{"startedAt":"2026-05-29T09:19:54.168127169Z","restTimerSecs":60,"status":"IN_PROGRESS","activities":[],"idempotencyKey":"bulk-key-8-be99e341-a6e6-4a64-95ca-0674eb912e4e","courseVersion":"1.0","courseId":"44444444-0000-0000-0000-000000000001","clientUpdatedAt":"2026-05-29T09:19:54.168129461Z"},{"startedAt":"2026-05-29T09:19:54.168133753Z","restTimerSecs":60,"status":"IN_PROGRESS","activities":[],"idempotencyKey":"bulk-key-9-541cc775-512b-4f66-b30d-4311ee7c6c5e","courseVersion":"1.0","courseId":"44444444-0000-0000-0000-000000000001","clientUpdatedAt":"2026-05-29T09:19:54.168137169Z"},{"startedAt":"2026-05-29T09:19:54.168141711Z","restTimerSecs":60,"status":"IN_PROGRESS","activities":[],"idempotencyKey":"bulk-key-10-515e2f2b-1a28-451a-a8cb-423139e7396e","courseVersion":"1.0","courseId":"44444444-0000-0000-0000-000000000001","clientUpdatedAt":"2026-05-29T09:19:54.168144003Z"},{"startedAt":"2026-05-29T09:19:54.168231961Z","restTimerSecs":60,"status":"IN_PROGRESS","activities":[],"idempotencyKey":"bulk-key-11-17e09193-f26d-4b81-9983-10b55309c89c","courseVersion":"1.0","courseId":"44444444-0000-0000-0000-000000000001","clientUpdatedAt":"2026-05-29T09:19:54.168237836Z"},{"startedAt":"2026-05-29T09:19:54.168243044Z","restTimerSecs":60,"status":"IN_PROGRESS","activities":[],"idempotencyKey":"bulk-key-12-2a4aea23-fcc5-43af-8a4f-b26f00940859","courseVersion":"1.0","courseId":"44444444-0000-0000-0000-000000000001","clientUpdatedAt":"2026-05-29T09:19:54.168246836Z"},{"startedAt":"2026-05-29T09:19:54.168254461Z","restTimerSecs":60,"status":"IN_PROGRESS","activities":[],"idempotencyKey":"bulk-key-13-10afdecc-2462-4ffc-a94d-fe353e7ffbaa","courseVersion":"1.0","courseId":"44444444-0000-0000-0000-000000000001","clientUpdatedAt":"2026-05-29T09:19:54.168256919Z"},{"startedAt":"2026-05-29T09:19:54.168261336Z","restTimerSecs":60,"status":"IN_PROGRESS","activities":[],"idempotencyKey":"bulk-key-14-5f41ed17-7630-4d53-b7f2-5475b470c1fb","courseVersion":"1.0","courseId":"44444444-0000-0000-0000-000000000001","clientUpdatedAt":"2026-05-29T09:19:54.168264211Z"},{"startedAt":"2026-05-29T09:19:54.168268753Z","restTimerSecs":60,"status":"IN_PROGRESS","activities":[],"idempotencyKey":"bulk-key-15-b89863b1-234e-4424-98b5-011a3df6ae4e","courseVersion":"1.0","courseId":"44444444-0000-0000-0000-000000000001","clientUpdatedAt":"2026-05-29T09:19:54.168271253Z"},{"startedAt":"2026-05-29T09:19:54.168275628Z","restTimerSecs":60,"status":"IN_PROGRESS","activities":[],"idempotencyKey":"bulk-key-16-cd1f9959-4b95-4824-815b-91777f87dccc","courseVersion":"1.0","courseId":"44444444-0000-0000-0000-000000000001","clientUpdatedAt":"2026-05-29T09:19:54.168278503Z"},{"startedAt":"2026-05-29T09:19:54.168282378Z","restTimerSecs":60,"status":"IN_PROGRESS","activities":[],"idempotencyKey":"bulk-key-17-e2cadbb8-5bcc-4c79-bd6d-5d4815c5a84b","courseVersion":"1.0","courseId":"44444444-0000-0000-0000-000000000001","clientUpdatedAt":"2026-05-29T09:19:54.168284628Z"},{"startedAt":"2026-05-29T09:19:54.168293586Z","restTimerSecs":60,"status":"IN_PROGRESS","activities":[],"idempotencyKey":"bulk-key-18-03d994d0-0b31-4aae-91ff-dc0211bea28f","courseVersion":"1.0","courseId":"44444444-0000-0000-0000-000000000001","clientUpdatedAt":"2026-05-29T09:19:54.168296003Z"},{"startedAt":"2026-05-29T09:19:54.168300378Z","restTimerSecs":60,"status":"IN_PROGRESS","activities":[],"idempotencyKey":"bulk-key-19-35c8431a-199e-4fd4-aea4-ef064b3be1d9","courseVersion":"1.0","courseId":"44444444-0000-0000-0000-000000000001","clientUpdatedAt":"2026-05-29T09:19:54.168302628Z"},{"startedAt":"2026-05-29T09:19:54.168306919Z","restTimerSecs":60,"status":"IN_PROGRESS","activities":[],"idempotencyKey":"bulk-key-20-c72fe32e-8135-49bb-9d6f-49134bd305b0","courseVersion":"1.0","courseId":"44444444-0000-0000-0000-000000000001","clientUpdatedAt":"2026-05-29T09:19:54.168309169Z"},{"startedAt":"2026-05-29T09:19:54.168314961Z","restTimerSecs":60,"status":"IN_PROGRESS","activities":[],"idempotencyKey":"bulk-key-21-cab67157-52fe-4628-bb7d-83d92b045675","courseVersion":"1.0","courseId":"44444444-0000-0000-0000-000000000001","clientUpdatedAt":"2026-05-29T09:19:54.168317294Z"},{"startedAt":"2026-05-29T09:19:54.168321336Z","restTimerSecs":60,"status":"IN_PROGRESS","activities":[],"idempotencyKey":"bulk-key-22-98fafd0d-f822-4c7f-b69b-13c5808988e3","courseVersion":"1.0","courseId":"44444444-0000-0000-0000-000000000001","clientUpdatedAt":"2026-05-29T09:19:54.168323586Z"},{"startedAt":"2026-05-29T09:19:54.168328044Z","restTimerSecs":60,"status":"IN_PROGRESS","activities":[],"idempotencyKey":"bulk-key-23-2c2f0450-c491-4b26-b7ee-91c57bd09355","courseVersion":"1.0","courseId":"44444444-0000-0000-0000-000000000001","clientUpdatedAt":"2026-05-29T09:19:54.168330294Z"},{"startedAt":"2026-05-29T09:19:54.168334461Z","restTimerSecs":60,"status":"IN_PROGRESS","activities":[],"idempotencyKey":"bulk-key-24-0147dcda-1dcb-4ba2-8cd4-659dc68b3880","courseVersion":"1.0","courseId":"44444444-0000-0000-0000-000000000001","clientUpdatedAt":"2026-05-29T09:19:54.168337003Z"},{"startedAt":"2026-05-29T09:19:54.168341503Z","restTimerSecs":60,"status":"IN_PROGRESS","activities":[],"idempotencyKey":"bulk-key-25-b69f999f-74c4-4ea4-8462-1cff3a0d36d2","courseVersion":"1.0","courseId":"44444444-0000-0000-0000-000000000001","clientUpdatedAt":"2026-05-29T09:19:54.168343836Z"},{"startedAt":"2026-05-29T09:19:54.168351461Z","restTimerSecs":60,"status":"IN_PROGRESS","activities":[],"idempotencyKey":"bulk-key-26-f33d979c-3bfa-4824-8b84-873a965a1f0a","courseVersion":"1.0","courseId":"44444444-0000-0000-0000-000000000001","clientUpdatedAt":"2026-05-29T09:19:54.168355461Z"},{"startedAt":"2026-05-29T09:19:54.168359836Z","restTimerSecs":60,"status":"IN_PROGRESS","activities":[],"idempotencyKey":"bulk-key-27-4a51546f-95f7-49e4-9159-b8bb7bf1830c","courseVersion":"1.0","courseId":"44444444-0000-0000-0000-000000000001","clientUpdatedAt":"2026-05-29T09:19:54.168362003Z"},{"startedAt":"2026-05-29T09:19:54.168366211Z","restTimerSecs":60,"status":"IN_PROGRESS","activities":[],"idempotencyKey":"bulk-key-28-778e6301-ef3e-446f-81b5-81ba92fd98b8","courseVersion":"1.0","courseId":"44444444-0000-0000-0000-000000000001","clientUpdatedAt":"2026-05-29T09:19:54.168369086Z"},{"startedAt":"2026-05-29T09:19:54.168375544Z","restTimerSecs":60,"status":"IN_PROGRESS","activities":[],"idempotencyKey":"bulk-key-29-e21cbd7d-f1ca-44a0-aa78-1f1f6ef9137c","courseVersion":"1.0","courseId":"44444444-0000-0000-0000-000000000001","clientUpdatedAt":"2026-05-29T09:19:54.168377878Z"},{"startedAt":"2026-05-29T09:19:54.168383378Z","restTimerSecs":60,"status":"IN_PROGRESS","activities":[],"idempotencyKey":"bulk-key-30-d9320aed-8cf5-47cf-9f8e-d00d93849a6a","courseVersion":"1.0","courseId":"44444444-0000-0000-0000-000000000001","clientUpdatedAt":"2026-05-29T09:19:54.168386128Z"},{"startedAt":"2026-05-29T09:19:54.168390419Z","restTimerSecs":60,"status":"IN_PROGRESS","activities":[],"idempotencyKey":"bulk-key-31-1b299af9-ee71-46d1-9b8b-9c792646a7a8","courseVersion":"1.0","courseId":"44444444-0000-0000-0000-000000000001","clientUpdatedAt":"2026-05-29T09:19:54.168392586Z"},{"startedAt":"2026-05-29T09:19:54.168396794Z","restTimerSecs":60,"status":"IN_PROGRESS","activities":[],"idempotencyKey":"bulk-key-32-0c2c2453-a45b-4cbd-9ed3-9eae22ead019","courseVersion":"1.0","courseId":"44444444-0000-0000-0000-000000000001","clientUpdatedAt":"2026-05-29T09:19:54.168398961Z"},{"startedAt":"2026-05-29T09:19:54.168403836Z","restTimerSecs":60,"status":"IN_PROGRESS","activities":[],"idempotencyKey":"bulk-key-33-463d07f7-5046-4bec-9dab-d36df814e521","courseVersion":"1.0","courseId":"44444444-0000-0000-0000-000000000001","clientUpdatedAt":"2026-05-29T09:19:54.168406919Z"},{"startedAt":"2026-05-29T09:19:54.168411919Z","restTimerSecs":60,"status":"IN_PROGRESS","activities":[],"idempotencyKey":"bulk-key-34-454155aa-5cfe-451e-8f6f-4841a8618130","courseVersion":"1.0","courseId":"44444444-0000-0000-0000-000000000001","clientUpdatedAt":"2026-05-29T09:19:54.168414086Z"},{"startedAt":"2026-05-29T09:19:54.168418294Z","restTimerSecs":60,"status":"IN_PROGRESS","activities":[],"idempotencyKey":"bulk-key-35-24149c68-7008-47e3-8479-5b77225421b5","courseVersion":"1.0","courseId":"44444444-0000-0000-0000-000000000001","clientUpdatedAt":"2026-05-29T09:19:54.168420461Z"},{"startedAt":"2026-05-29T09:19:54.168424669Z","restTimerSecs":60,"status":"IN_PROGRESS","activities":[],"idempotencyKey":"bulk-key-36-0a37d95f-bd14-4b3f-825f-d136da422902","courseVersion":"1.0","courseId":"44444444-0000-0000-0000-000000000001","clientUpdatedAt":"2026-05-29T09:19:54.168426878Z"},{"startedAt":"2026-05-29T09:19:54.168431503Z","restTimerSecs":60,"status":"IN_PROGRESS","activities":[],"idempotencyKey":"bulk-key-37-741fa977-9718-4289-a0ec-244396a2cc64","courseVersion":"1.0","courseId":"44444444-0000-0000-0000-000000000001","clientUpdatedAt":"2026-05-29T09:19:54.168433753Z"},{"startedAt":"2026-05-29T09:19:54.168437919Z","restTimerSecs":60,"status":"IN_PROGRESS","activities":[],"idempotencyKey":"bulk-key-38-c026f3be-2c04-4233-b453-c8f986ef6609","courseVersion":"1.0","courseId":"44444444-0000-0000-0000-000000000001","clientUpdatedAt":"2026-05-29T09:19:54.168440169Z"},{"startedAt":"2026-05-29T09:19:54.168444461Z","restTimerSecs":60,"status":"IN_PROGRESS","activities":[],"idempotencyKey":"bulk-key-39-9d783a6a-f5e5-4647-be7a-258b4f564f56","courseVersion":"1.0","courseId":"44444444-0000-0000-0000-000000000001","clientUpdatedAt":"2026-05-29T09:19:54.168446669Z"},{"startedAt":"2026-05-29T09:19:54.168450878Z","restTimerSecs":60,"status":"IN_PROGRESS","activities":[],"idempotencyKey":"bulk-key-40-7aac5a91-49c1-4371-94d4-f3131288f4ec","courseVersion":"1.0","courseId":"44444444-0000-0000-0000-000000000001","clientUpdatedAt":"2026-05-29T09:19:54.168453086Z"},{"startedAt":"2026-05-29T09:19:54.168457253Z","restTimerSecs":60,"status":"IN_PROGRESS","activities":[],"idempotencyKey":"bulk-key-41-1491c267-5446-4d02-b378-62817259081e","courseVersion":"1.0","courseId":"44444444-0000-0000-0000-000000000001","clientUpdatedAt":"2026-05-29T09:19:54.168469544Z"},{"startedAt":"2026-05-29T09:19:54.168473794Z","restTimerSecs":60,"status":"IN_PROGRESS","activities":[],"idempotencyKey":"bulk-key-42-05b27684-32bc-48fe-90f6-7449c4e03286","courseVersion":"1.0","courseId":"44444444-0000-0000-0000-000000000001","clientUpdatedAt":"2026-05-29T09:19:54.168476128Z"},{"startedAt":"2026-05-29T09:19:54.168480419Z","restTimerSecs":60,"status":"IN_PROGRESS","activities":[],"idempotencyKey":"bulk-key-43-5a9c702b-2cd8-467d-923d-5bd1c015afae","courseVersion":"1.0","courseId":"44444444-0000-0000-0000-000000000001","clientUpdatedAt":"2026-05-29T09:19:54.168482711Z"},{"startedAt":"2026-05-29T09:19:54.168487128Z","restTimerSecs":60,"status":"IN_PROGRESS","activities":[],"idempotencyKey":"bulk-key-44-59c92c44-f4b1-4f97-9958-6ea0e79ca012","courseVersion":"1.0","courseId":"44444444-0000-0000-0000-000000000001","clientUpdatedAt":"2026-05-29T09:19:54.168489336Z"},{"startedAt":"2026-05-29T09:19:54.168494461Z","restTimerSecs":60,"status":"IN_PROGRESS","activities":[],"idempotencyKey":"bulk-key-45-e4a25c94-9ab3-48c3-942e-fd960087eb9e","courseVersion":"1.0","courseId":"44444444-0000-0000-0000-000000000001","clientUpdatedAt":"2026-05-29T09:19:54.168496711Z"},{"startedAt":"2026-05-29T09:19:54.168501253Z","restTimerSecs":60,"status":"IN_PROGRESS","activities":[],"idempotencyKey":"bulk-key-46-cc1ba257-67fc-4875-b101-6de76dcc0510","courseVersion":"1.0","courseId":"44444444-0000-0000-0000-000000000001","clientUpdatedAt":"2026-05-29T09:19:54.168503503Z"},{"startedAt":"2026-05-29T09:19:54.168512628Z","restTimerSecs":60,"status":"IN_PROGRESS","activities":[],"idempotencyKey":"bulk-key-47-9903b205-94cc-4283-9981-7f8e43a0cc2c","courseVersion":"1.0","courseId":"44444444-0000-0000-0000-000000000001","clientUpdatedAt":"2026-05-29T09:19:54.168514878Z"},{"startedAt":"2026-05-29T09:19:54.168519086Z","restTimerSecs":60,"status":"IN_PROGRESS","activities":[],"idempotencyKey":"bulk-key-48-afb07a04-52dc-452d-af5f-2203ca8d96d1","courseVersion":"1.0","courseId":"44444444-0000-0000-0000-000000000001","clientUpdatedAt":"2026-05-29T09:19:54.168521211Z"},{"startedAt":"2026-05-29T09:19:54.168525378Z","restTimerSecs":60,"status":"IN_PROGRESS","activities":[],"idempotencyKey":"bulk-key-49-fd002713-43ed-4a0c-8345-5fda1c90ce1a","courseVersion":"1.0","courseId":"44444444-0000-0000-0000-000000000001","clientUpdatedAt":"2026-05-29T09:19:54.168527503Z"},{"startedAt":"2026-05-29T09:19:54.168531836Z","restTimerSecs":60,"status":"IN_PROGRESS","activities":[],"idempotencyKey":"bulk-key-50-7459d12c-0e33-48f1-86f3-1af53d726b10","courseVersion":"1.0","courseId":"44444444-0000-0000-0000-000000000001","clientUpdatedAt":"2026-05-29T09:19:54.168533919Z"},{"startedAt":"2026-05-29T09:19:54.168537878Z","restTimerSecs":60,"status":"IN_PROGRESS","activities":[],"idempotencyKey":"bulk-key-51-b74cd087-23ff-4f07-8b06-5a54b9a4050b","courseVersion":"1.0","courseId":"44444444-0000-0000-0000-000000000001","clientUpdatedAt":"2026-05-29T09:19:54.168539919Z"},{"startedAt":"2026-05-29T09:19:54.168543544Z","restTimerSecs":60,"status":"IN_PROGRESS","activities":[],"idempotencyKey":"bulk-key-52-7c5f57b5-140d-43a8-ad16-30aadae11955","courseVersion":"1.0","courseId":"44444444-0000-0000-0000-000000000001","clientUpdatedAt":"2026-05-29T09:19:54.168545628Z"},{"startedAt":"2026-05-29T09:19:54.168550461Z","restTimerSecs":60,"status":"IN_PROGRESS","activities":[],"idempotencyKey":"bulk-key-53-165d733c-0c52-48b1-89a3-ddd4c2e4079f","courseVersion":"1.0","courseId":"44444444-0000-0000-0000-000000000001","clientUpdatedAt":"2026-05-29T09:19:54.168552711Z"},{"startedAt":"2026-05-29T09:19:54.168556711Z","restTimerSecs":60,"status":"IN_PROGRESS","activities":[],"idempotencyKey":"bulk-key-54-ca9a21f5-d2d7-44e6-b3ce-e76b549b4ccf","courseVersion":"1.0","courseId":"44444444-0000-0000-0000-000000000001","clientUpdatedAt":"2026-05-29T09:19:54.168558836Z"},{"startedAt":"2026-05-29T09:19:54.168565628Z","restTimerSecs":60,"status":"IN_PROGRESS","activities":[],"idempotencyKey":"bulk-key-55-14eea337-bf18-4ccc-9a29-ec892c7e63cb","courseVersion":"1.0","courseId":"44444444-0000-0000-0000-000000000001","clientUpdatedAt":"2026-05-29T09:19:54.168567711Z"},{"startedAt":"2026-05-29T09:19:54.168571794Z","restTimerSecs":60,"status":"IN_PROGRESS","activities":[],"idempotencyKey":"bulk-key-56-8341e159-c778-4335-a9bc-ced27cec71a7","courseVersion":"1.0","courseId":"44444444-0000-0000-0000-000000000001","clientUpdatedAt":"2026-05-29T09:19:54.168573711Z"},{"startedAt":"2026-05-29T09:19:54.168577336Z","restTimerSecs":60,"status":"IN_PROGRESS","activities":[],"idempotencyKey":"bulk-key-57-1d7d9e46-05ff-4d7f-b92b-e9a151ae6f1b","courseVersion":"1.0","courseId":"44444444-0000-0000-0000-000000000001","clientUpdatedAt":"2026-05-29T09:19:54.168579586Z"},{"startedAt":"2026-05-29T09:19:54.168583669Z","restTimerSecs":60,"status":"IN_PROGRESS","activities":[],"idempotencyKey":"bulk-key-58-4fb93cd8-b551-4c67-8570-b9e2dec03644","courseVersion":"1.0","courseId":"44444444-0000-0000-0000-000000000001","clientUpdatedAt":"2026-05-29T09:19:54.168585628Z"},{"startedAt":"2026-05-29T09:19:54.168589586Z","restTimerSecs":60,"status":"IN_PROGRESS","activities":[],"idempotencyKey":"bulk-key-59-3cacfb89-63e2-4ef6-bc2c-3674210efa58","courseVersion":"1.0","courseId":"44444444-0000-0000-0000-000000000001","clientUpdatedAt":"2026-05-29T09:19:54.168591628Z"},{"startedAt":"2026-05-29T09:19:54.168595711Z","restTimerSecs":60,"status":"IN_PROGRESS","activities":[],"idempotencyKey":"bulk-key-60-27425290-01e9-44ec-9ecc-2a4f918218c1","courseVersion":"1.0","courseId":"44444444-0000-0000-0000-000000000001","clientUpdatedAt":"2026-05-29T09:19:54.168597753Z"},{"startedAt":"2026-05-29T09:19:54.168602586Z","restTimerSecs":60,"status":"IN_PROGRESS","activities":[],"idempotencyKey":"bulk-key-61-4a494e94-0f43-46da-b25e-84d24f3555d1","courseVersion":"1.0","courseId":"44444444-0000-0000-0000-000000000001","clientUpdatedAt":"2026-05-29T09:19:54.168604503Z"},{"startedAt":"2026-05-29T09:19:54.168607919Z","restTimerSecs":60,"status":"IN_PROGRESS","activities":[],"idempotencyKey":"bulk-key-62-1a1e90ba-a404-4a8c-aa46-18b3eb1c306b","courseVersion":"1.0","courseId":"44444444-0000-0000-0000-000000000001","clientUpdatedAt":"2026-05-29T09:19:54.168609878Z"},{"startedAt":"2026-05-29T09:19:54.168613878Z","restTimerSecs":60,"status":"IN_PROGRESS","activities":[],"idempotencyKey":"bulk-key-63-f2236ffc-acdb-4d62-95ee-35821cbd86a9","courseVersion":"1.0","courseId":"44444444-0000-0000-0000-000000000001","clientUpdatedAt":"2026-05-29T09:19:54.168616378Z"},{"startedAt":"2026-05-29T09:19:54.168620419Z","restTimerSecs":60,"status":"IN_PROGRESS","activities":[],"idempotencyKey":"bulk-key-64-a80395fa-c2cd-406b-b17a-bf359eab275d","courseVersion":"1.0","courseId":"44444444-0000-0000-0000-000000000001","clientUpdatedAt":"2026-05-29T09:19:54.168622336Z"},{"startedAt":"2026-05-29T09:19:54.168626544Z","restTimerSecs":60,"status":"IN_PROGRESS","activities":[],"idempotencyKey":"bulk-key-65-a8d4f455-6d15-40a6-9506-6c116ddca4d8","courseVersion":"1.0","courseId":"44444444-0000-0000-0000-000000000001","clientUpdatedAt":"2026-05-29T09:19:54.168628419Z"},{"startedAt":"2026-05-29T09:19:54.168637419Z","restTimerSecs":60,"status":"IN_PROGRESS","activities":[],"idempotencyKey":"bulk-key-66-0aeb2dc4-61aa-41a2-a1d3-48138e55441b","courseVersion":"1.0","courseId":"44444444-0000-0000-0000-000000000001","clientUpdatedAt":"2026-05-29T09:19:54.168639961Z"},{"startedAt":"2026-05-29T09:19:54.168644169Z","restTimerSecs":60,"status":"IN_PROGRESS","activities":[],"idempotencyKey":"bulk-key-67-c41cca25-8b76-4ee1-bdef-780b5bec9941","courseVersion":"1.0","courseId":"44444444-0000-0000-0000-000000000001","clientUpdatedAt":"2026-05-29T09:19:54.168646544Z"},{"startedAt":"2026-05-29T09:19:54.168651419Z","restTimerSecs":60,"status":"IN_PROGRESS","activities":[],"idempotencyKey":"bulk-key-68-325ac9b2-95ba-4939-a297-70edfe4488f4","courseVersion":"1.0","courseId":"44444444-0000-0000-0000-000000000001","clientUpdatedAt":"2026-05-29T09:19:54.168653836Z"},{"startedAt":"2026-05-29T09:19:54.168659044Z","restTimerSecs":60,"status":"IN_PROGRESS","activities":[],"idempotencyKey":"bulk-key-69-f0d43847-9e70-4689-b34c-021a9802708d","courseVersion":"1.0","courseId":"44444444-0000-0000-0000-000000000001","clientUpdatedAt":"2026-05-29T09:19:54.168661086Z"},{"startedAt":"2026-05-29T09:19:54.168665378Z","restTimerSecs":60,"status":"IN_PROGRESS","activities":[],"idempotencyKey":"bulk-key-70-faae562f-adc3-4544-aebc-d3e6203de534","courseVersion":"1.0","courseId":"44444444-0000-0000-0000-000000000001","clientUpdatedAt":"2026-05-29T09:19:54.168667419Z"},{"startedAt":"2026-05-29T09:19:54.168672003Z","restTimerSecs":60,"status":"IN_PROGRESS","activities":[],"idempotencyKey":"bulk-key-71-c2056feb-b964-47de-997c-181d42dd2bc3","courseVersion":"1.0","courseId":"44444444-0000-0000-0000-000000000001","clientUpdatedAt":"2026-05-29T09:19:54.168674003Z"},{"startedAt":"2026-05-29T09:19:54.168677544Z","restTimerSecs":60,"status":"IN_PROGRESS","activities":[],"idempotencyKey":"bulk-key-72-d58158ba-05de-437e-ab56-f2a7b341d3f7","courseVersion":"1.0","courseId":"44444444-0000-0000-0000-000000000001","clientUpdatedAt":"2026-05-29T09:19:54.168679503Z"},{"startedAt":"2026-05-29T09:19:54.168683419Z","restTimerSecs":60,"status":"IN_PROGRESS","activities":[],"idempotencyKey":"bulk-key-73-1308fd7a-5868-41e9-b218-2ed0834a5ecd","courseVersion":"1.0","courseId":"44444444-0000-0000-0000-000000000001","clientUpdatedAt":"2026-05-29T09:19:54.168685419Z"},{"startedAt":"2026-05-29T09:19:54.168689961Z","restTimerSecs":60,"status":"IN_PROGRESS","activities":[],"idempotencyKey":"bulk-key-74-a0e45247-6683-4b60-bad0-a76d54bcf475","courseVersion":"1.0","courseId":"44444444-0000-0000-0000-000000000001","clientUpdatedAt":"2026-05-29T09:19:54.168692003Z"},{"startedAt":"2026-05-29T09:19:54.168695961Z","restTimerSecs":60,"status":"IN_PROGRESS","activities":[],"idempotencyKey":"bulk-key-75-4cda3ef9-fb18-4453-adf8-5b279b27fe1f","courseVersion":"1.0","courseId":"44444444-0000-0000-0000-000000000001","clientUpdatedAt":"2026-05-29T09:19:54.168697961Z"},{"startedAt":"2026-05-29T09:19:54.168701919Z","restTimerSecs":60,"status":"IN_PROGRESS","activities":[],"idempotencyKey":"bulk-key-76-8ce84a74-a1fc-4a6f-a850-1f04cbcaaa5b","courseVersion":"1.0","courseId":"44444444-0000-0000-0000-000000000001","clientUpdatedAt":"2026-05-29T09:19:54.168703878Z"},{"startedAt":"2026-05-29T09:19:54.168708211Z","restTimerSecs":60,"status":"IN_PROGRESS","activities":[],"idempotencyKey":"bulk-key-77-f6a2965d-aa2b-481e-87ac-bcccec42cda9","courseVersion":"1.0","courseId":"44444444-0000-0000-0000-000000000001","clientUpdatedAt":"2026-05-29T09:19:54.168710211Z"},{"startedAt":"2026-05-29T09:19:54.168714128Z","restTimerSecs":60,"status":"IN_PROGRESS","activities":[],"idempotencyKey":"bulk-key-78-b6a0e84d-57d1-4832-8fcb-bb02931999ab","courseVersion":"1.0","courseId":"44444444-0000-0000-0000-000000000001","clientUpdatedAt":"2026-05-29T09:19:54.168716086Z"},{"startedAt":"2026-05-29T09:19:54.168720044Z","restTimerSecs":60,"status":"IN_PROGRESS","activities":[],"idempotencyKey":"bulk-key-79-b832efb1-6027-4db6-aac6-f1a96fd6a137","courseVersion":"1.0","courseId":"44444444-0000-0000-0000-000000000001","clientUpdatedAt":"2026-05-29T09:19:54.168722503Z"},{"startedAt":"2026-05-29T09:19:54.168726628Z","restTimerSecs":60,"status":"IN_PROGRESS","activities":[],"idempotencyKey":"bulk-key-80-886b50c4-4c4a-4cf5-add4-333c5de032d2","courseVersion":"1.0","courseId":"44444444-0000-0000-0000-000000000001","clientUpdatedAt":"2026-05-29T09:19:54.168729753Z"},{"startedAt":"2026-05-29T09:19:54.168734211Z","restTimerSecs":60,"status":"IN_PROGRESS","activities":[],"idempotencyKey":"bulk-key-81-670a95a0-c4ce-4c0c-b3d5-dc28d800275b","courseVersion":"1.0","courseId":"44444444-0000-0000-0000-000000000001","clientUpdatedAt":"2026-05-29T09:19:54.168736253Z"},{"startedAt":"2026-05-29T09:19:54.168739919Z","restTimerSecs":60,"status":"IN_PROGRESS","activities":[],"idempotencyKey":"bulk-key-82-f5e30874-f1d0-49b6-a8a3-e001c0a355e3","courseVersion":"1.0","courseId":"44444444-0000-0000-0000-000000000001","clientUpdatedAt":"2026-05-29T09:19:54.168741753Z"},{"startedAt":"2026-05-29T09:19:54.168754419Z","restTimerSecs":60,"status":"IN_PROGRESS","activities":[],"idempotencyKey":"bulk-key-83-bf9e038a-0585-4d55-b5e9-1f3664981007","courseVersion":"1.0","courseId":"44444444-0000-0000-0000-000000000001","clientUpdatedAt":"2026-05-29T09:19:54.168756503Z"},{"startedAt":"2026-05-29T09:19:54.168761003Z","restTimerSecs":60,"status":"IN_PROGRESS","activities":[],"idempotencyKey":"bulk-key-84-4d1018bb-f666-48a2-a87c-c12b2ee037ea","courseVersion":"1.0","courseId":"44444444-0000-0000-0000-000000000001","clientUpdatedAt":"2026-05-29T09:19:54.168762919Z"},{"startedAt":"2026-05-29T09:19:54.168767878Z","restTimerSecs":60,"status":"IN_PROGRESS","activities":[],"idempotencyKey":"bulk-key-85-add539c5-bd78-459d-b117-0c3c08c199d1","courseVersion":"1.0","courseId":"44444444-0000-0000-0000-000000000001","clientUpdatedAt":"2026-05-29T09:19:54.168769794Z"},{"startedAt":"2026-05-29T09:19:54.168774294Z","restTimerSecs":60,"status":"IN_PROGRESS","activities":[],"idempotencyKey":"bulk-key-86-565d6c26-5df5-45f8-a6ce-598d919a7218","courseVersion":"1.0","courseId":"44444444-0000-0000-0000-000000000001","clientUpdatedAt":"2026-05-29T09:19:54.168776253Z"},{"startedAt":"2026-05-29T09:19:54.168779711Z","restTimerSecs":60,"status":"IN_PROGRESS","activities":[],"idempotencyKey":"bulk-key-87-d4b589ac-5456-49d7-b84e-d342613a9cdd","courseVersion":"1.0","courseId":"44444444-0000-0000-0000-000000000001","clientUpdatedAt":"2026-05-29T09:19:54.168781961Z"},{"startedAt":"2026-05-29T09:19:54.168786003Z","restTimerSecs":60,"status":"IN_PROGRESS","activities":[],"idempotencyKey":"bulk-key-88-80c35c74-e8aa-4d9e-8765-e50991e39f54","courseVersion":"1.0","courseId":"44444444-0000-0000-0000-000000000001","clientUpdatedAt":"2026-05-29T09:19:54.168787919Z"},{"startedAt":"2026-05-29T09:19:54.168792128Z","restTimerSecs":60,"status":"IN_PROGRESS","activities":[],"idempotencyKey":"bulk-key-89-6d7d0d89-ab08-4dc3-a0ce-9ae5f284d265","courseVersion":"1.0","courseId":"44444444-0000-0000-0000-000000000001","clientUpdatedAt":"2026-05-29T09:19:54.168794044Z"},{"startedAt":"2026-05-29T09:19:54.168798169Z","restTimerSecs":60,"status":"IN_PROGRESS","activities":[],"idempotencyKey":"bulk-key-90-e244ee4e-819e-4e17-b9d3-f1e05ee0c247","courseVersion":"1.0","courseId":"44444444-0000-0000-0000-000000000001","clientUpdatedAt":"2026-05-29T09:19:54.168800086Z"},{"startedAt":"2026-05-29T09:19:54.168804003Z","restTimerSecs":60,"status":"IN_PROGRESS","activities":[],"idempotencyKey":"bulk-key-91-67c8fcde-5657-4781-a40f-4f9f3f086828","courseVersion":"1.0","courseId":"44444444-0000-0000-0000-000000000001","clientUpdatedAt":"2026-05-29T09:19:54.168805961Z"},{"startedAt":"2026-05-29T09:19:54.168809461Z","restTimerSecs":60,"status":"IN_PROGRESS","activities":[],"idempotencyKey":"bulk-key-92-bb8477ea-694c-4591-a39c-7907e436a673","courseVersion":"1.0","courseId":"44444444-0000-0000-0000-000000000001","clientUpdatedAt":"2026-05-29T09:19:54.168811544Z"},{"startedAt":"2026-05-29T09:19:54.168816169Z","restTimerSecs":60,"status":"IN_PROGRESS","activities":[],"idempotencyKey":"bulk-key-93-46f5b1c4-060e-4b68-8772-96c2e610acf1","courseVersion":"1.0","courseId":"44444444-0000-0000-0000-000000000001","clientUpdatedAt":"2026-05-29T09:19:54.168818128Z"},{"startedAt":"2026-05-29T09:19:54.168822128Z","restTimerSecs":60,"status":"IN_PROGRESS","activities":[],"idempotencyKey":"bulk-key-94-34fc9999-5ec1-4ceb-9d83-59c94768e853","courseVersion":"1.0","courseId":"44444444-0000-0000-0000-000000000001","clientUpdatedAt":"2026-05-29T09:19:54.168824003Z"},{"startedAt":"2026-05-29T09:19:54.168827919Z","restTimerSecs":60,"status":"IN_PROGRESS","activities":[],"idempotencyKey":"bulk-key-95-b9533aab-f69a-4f42-83e9-977ab5d3a7cb","courseVersion":"1.0","courseId":"44444444-0000-0000-0000-000000000001","clientUpdatedAt":"2026-05-29T09:19:54.168829794Z"},{"startedAt":"2026-05-29T09:19:54.168833836Z","restTimerSecs":60,"status":"IN_PROGRESS","activities":[],"idempotencyKey":"bulk-key-96-75951d2d-e410-4e01-a04e-23e81580c56a","courseVersion":"1.0","courseId":"44444444-0000-0000-0000-000000000001","clientUpdatedAt":"2026-05-29T09:19:54.168835711Z"},{"startedAt":"2026-05-29T09:19:54.168839253Z","restTimerSecs":60,"status":"IN_PROGRESS","activities":[],"idempotencyKey":"bulk-key-97-3b978b0d-0185-4008-b859-bf5443db79e4","courseVersion":"1.0","courseId":"44444444-0000-0000-0000-000000000001","clientUpdatedAt":"2026-05-29T09:19:54.168841586Z"},{"startedAt":"2026-05-29T09:19:54.168845961Z","restTimerSecs":60,"status":"IN_PROGRESS","activities":[],"idempotencyKey":"bulk-key-98-e302af9a-9e06-4db8-88cb-7cb5b78e5912","courseVersion":"1.0","courseId":"44444444-0000-0000-0000-000000000001","clientUpdatedAt":"2026-05-29T09:19:54.168847878Z"},{"startedAt":"2026-05-29T09:19:54.168851794Z","restTimerSecs":60,"status":"IN_PROGRESS","activities":[],"idempotencyKey":"bulk-key-99-303f553b-5180-4678-b000-de157f129287","courseVersion":"1.0","courseId":"44444444-0000-0000-0000-000000000001","clientUpdatedAt":"2026-05-29T09:19:54.168853669Z"},{"startedAt":"2026-05-29T09:19:54.168857711Z","restTimerSecs":60,"status":"IN_PROGRESS","activities":[],"idempotencyKey":"bulk-key-100-85ebf715-b07f-4f8f-8052-0416fcb6380e","courseVersion":"1.0","courseId":"44444444-0000-0000-0000-000000000001","clientUpdatedAt":"2026-05-29T09:19:54.168859628Z"},{"startedAt":"2026-05-29T09:19:54.168869128Z","restTimerSecs":60,"status":"IN_PROGRESS","activities":[],"idempotencyKey":"bulk-key-101-3294ffef-cc83-4701-9ca8-2b5dc4a56501","courseVersion":"1.0","courseId":"44444444-0000-0000-0000-000000000001","clientUpdatedAt":"2026-05-29T09:19:54.168874669Z"},{"startedAt":"2026-05-29T09:19:54.168879961Z","restTimerSecs":60,"status":"IN_PROGRESS","activities":[],"idempotencyKey":"bulk-key-102-92f6331c-ce3e-4e22-a657-d9faf6ba217d","courseVersion":"1.0","courseId":"44444444-0000-0000-0000-000000000001","clientUpdatedAt":"2026-05-29T09:19:54.168882461Z"},{"startedAt":"2026-05-29T09:19:54.168888461Z","restTimerSecs":60,"status":"IN_PROGRESS","activities":[],"idempotencyKey":"bulk-key-103-a356e1b8-b98d-4914-b84b-a22ddc326939","courseVersion":"1.0","courseId":"44444444-0000-0000-0000-000000000001","clientUpdatedAt":"2026-05-29T09:19:54.168891003Z"},{"startedAt":"2026-05-29T09:19:54.168896003Z","restTimerSecs":60,"status":"IN_PROGRESS","activities":[],"idempotencyKey":"bulk-key-104-57620f82-c93e-4e52-842d-c893e867f533","courseVersion":"1.0","courseId":"44444444-0000-0000-0000-000000000001","clientUpdatedAt":"2026-05-29T09:19:54.168898378Z"},{"startedAt":"2026-05-29T09:19:54.168904128Z","restTimerSecs":60,"status":"IN_PROGRESS","activities":[],"idempotencyKey":"bulk-key-105-f31e35f7-e48c-408e-949d-39751ffe3374","courseVersion":"1.0","courseId":"44444444-0000-0000-0000-000000000001","clientUpdatedAt":"2026-05-29T09:19:54.168906503Z"},{"startedAt":"2026-05-29T09:19:54.168911628Z","restTimerSecs":60,"status":"IN_PROGRESS","activities":[],"idempotencyKey":"bulk-key-106-c9efc105-3759-49b5-9c56-69d24d3266d3","courseVersion":"1.0","courseId":"44444444-0000-0000-0000-000000000001","clientUpdatedAt":"2026-05-29T09:19:54.168913794Z"},{"startedAt":"2026-05-29T09:19:54.168917378Z","restTimerSecs":60,"status":"IN_PROGRESS","activities":[],"idempotencyKey":"bulk-key-107-75c0868e-d762-4f6a-8373-763c4ef2ca78","courseVersion":"1.0","courseId":"44444444-0000-0000-0000-000000000001","clientUpdatedAt":"2026-05-29T09:19:54.168919211Z"},{"startedAt":"2026-05-29T09:19:54.168923169Z","restTimerSecs":60,"status":"IN_PROGRESS","activities":[],"idempotencyKey":"bulk-key-108-d6df99ff-b7e4-4826-a43d-e8e316cec226","courseVersion":"1.0","courseId":"44444444-0000-0000-0000-000000000001","clientUpdatedAt":"2026-05-29T09:19:54.168925003Z"},{"startedAt":"2026-05-29T09:19:54.168930086Z","restTimerSecs":60,"status":"IN_PROGRESS","activities":[],"idempotencyKey":"bulk-key-109-965a32cf-8cac-4ed5-8d3e-fb86358271fd","courseVersion":"1.0","courseId":"44444444-0000-0000-0000-000000000001","clientUpdatedAt":"2026-05-29T09:19:54.168932003Z"},{"startedAt":"2026-05-29T09:19:54.168936086Z","restTimerSecs":60,"status":"IN_PROGRESS","activities":[],"idempotencyKey":"bulk-key-110-41888619-725e-43d8-92fe-29acb49b0415","courseVersion":"1.0","courseId":"44444444-0000-0000-0000-000000000001","clientUpdatedAt":"2026-05-29T09:19:54.168938003Z"},{"startedAt":"2026-05-29T09:19:54.168941836Z","restTimerSecs":60,"status":"IN_PROGRESS","activities":[],"idempotencyKey":"bulk-key-111-87ca411a-fe9a-4030-a6c0-03ef2fcb4e52","courseVersion":"1.0","courseId":"44444444-0000-0000-0000-000000000001","clientUpdatedAt":"2026-05-29T09:19:54.168943669Z"},{"startedAt":"2026-05-29T09:19:54.168947044Z","restTimerSecs":60,"status":"IN_PROGRESS","activities":[],"idempotencyKey":"bulk-key-112-c5f06b13-cb94-417e-8760-1c267d991934","courseVersion":"1.0","courseId":"44444444-0000-0000-0000-000000000001","clientUpdatedAt":"2026-05-29T09:19:54.168948919Z"},{"startedAt":"2026-05-29T09:19:54.168952794Z","restTimerSecs":60,"status":"IN_PROGRESS","activities":[],"idempotencyKey":"bulk-key-113-36b95b41-d2fc-4d17-9a16-0fec17180a14","courseVersion":"1.0","courseId":"44444444-0000-0000-0000-000000000001","clientUpdatedAt":"2026-05-29T09:19:54.168954753Z"},{"startedAt":"2026-05-29T09:19:54.168958628Z","restTimerSecs":60,"status":"IN_PROGRESS","activities":[],"idempotencyKey":"bulk-key-114-f4aeb23c-a834-49b6-8b73-399d509ea835","courseVersion":"1.0","courseId":"44444444-0000-0000-0000-000000000001","clientUpdatedAt":"2026-05-29T09:19:54.168960461Z"},{"startedAt":"2026-05-29T09:19:54.168964294Z","restTimerSecs":60,"status":"IN_PROGRESS","activities":[],"idempotencyKey":"bulk-key-115-f31907b9-d63f-4466-89c3-1efe903f9d0f","courseVersion":"1.0","courseId":"44444444-0000-0000-0000-000000000001","clientUpdatedAt":"2026-05-29T09:19:54.168966169Z"},{"startedAt":"2026-05-29T09:19:54.168969919Z","restTimerSecs":60,"status":"IN_PROGRESS","activities":[],"idempotencyKey":"bulk-key-116-997942d7-0843-4684-8c36-e4ab1c6c805f","courseVersion":"1.0","courseId":"44444444-0000-0000-0000-000000000001","clientUpdatedAt":"2026-05-29T09:19:54.168971753Z"},{"startedAt":"2026-05-29T09:19:54.168976003Z","restTimerSecs":60,"status":"IN_PROGRESS","activities":[],"idempotencyKey":"bulk-key-117-99170835-ebaa-4763-90e9-eade43661fb8","courseVersion":"1.0","courseId":"44444444-0000-0000-0000-000000000001","clientUpdatedAt":"2026-05-29T09:19:54.168977878Z"},{"startedAt":"2026-05-29T09:19:54.168981753Z","restTimerSecs":60,"status":"IN_PROGRESS","activities":[],"idempotencyKey":"bulk-key-118-78bc64ed-0c60-4425-93be-d10641cbd93d","courseVersion":"1.0","courseId":"44444444-0000-0000-0000-000000000001","clientUpdatedAt":"2026-05-29T09:19:54.168983628Z"},{"startedAt":"2026-05-29T09:19:54.168987419Z","restTimerSecs":60,"status":"IN_PROGRESS","activities":[],"idempotencyKey":"bulk-key-119-ffda3cb5-610b-4683-9c06-c24c6db8d296","courseVersion":"1.0","courseId":"44444444-0000-0000-0000-000000000001","clientUpdatedAt":"2026-05-29T09:19:54.168989294Z"},{"startedAt":"2026-05-29T09:19:54.168993086Z","restTimerSecs":60,"status":"IN_PROGRESS","activities":[],"idempotencyKey":"bulk-key-120-5c171162-1b28-47a6-bf68-4cc221cf751a","courseVersion":"1.0","courseId":"44444444-0000-0000-0000-000000000001","clientUpdatedAt":"2026-05-29T09:19:54.169002669Z"},{"startedAt":"2026-05-29T09:19:54.169006836Z","restTimerSecs":60,"status":"IN_PROGRESS","activities":[],"idempotencyKey":"bulk-key-121-17e62229-e04a-433f-8353-dd409b693a98","courseVersion":"1.0","courseId":"44444444-0000-0000-0000-000000000001","clientUpdatedAt":"2026-05-29T09:19:54.169008711Z"},{"startedAt":"2026-05-29T09:19:54.169012294Z","restTimerSecs":60,"status":"IN_PROGRESS","activities":[],"idempotencyKey":"bulk-key-122-de895315-ef35-4613-a6b2-97caaa4a3bec","courseVersion":"1.0","courseId":"44444444-0000-0000-0000-000000000001","clientUpdatedAt":"2026-05-29T09:19:54.169014128Z"},{"startedAt":"2026-05-29T09:19:54.169017961Z","restTimerSecs":60,"status":"IN_PROGRESS","activities":[],"idempotencyKey":"bulk-key-123-037abc51-3790-4528-b7e3-d2ca6b27956f","courseVersion":"1.0","courseId":"44444444-0000-0000-0000-000000000001","clientUpdatedAt":"2026-05-29T09:19:54.169019836Z"},{"startedAt":"2026-05-29T09:19:54.169024044Z","restTimerSecs":60,"status":"IN_PROGRESS","activities":[],"idempotencyKey":"bulk-key-124-6bc5f8b9-3ecb-4a90-b484-aa7426794c53","courseVersion":"1.0","courseId":"44444444-0000-0000-0000-000000000001","clientUpdatedAt":"2026-05-29T09:19:54.169025878Z"},{"startedAt":"2026-05-29T09:19:54.169030503Z","restTimerSecs":60,"status":"IN_PROGRESS","activities":[],"idempotencyKey":"bulk-key-125-94d31014-07c3-444a-abaa-11b0422127c5","courseVersion":"1.0","courseId":"44444444-0000-0000-0000-000000000001","clientUpdatedAt":"2026-05-29T09:19:54.169032378Z"},{"startedAt":"2026-05-29T09:19:54.169036461Z","restTimerSecs":60,"status":"IN_PROGRESS","activities":[],"idempotencyKey":"bulk-key-126-8af90e38-1adf-42d6-bc90-780a16a9356e","courseVersion":"1.0","courseId":"44444444-0000-0000-0000-000000000001","clientUpdatedAt":"2026-05-29T09:19:54.169038378Z"},{"startedAt":"2026-05-29T09:19:54.169041836Z","restTimerSecs":60,"status":"IN_PROGRESS","activities":[],"idempotencyKey":"bulk-key-127-40ba8f5c-7694-474d-aa41-a6006cc0f4c8","courseVersion":"1.0","courseId":"44444444-0000-0000-0000-000000000001","clientUpdatedAt":"2026-05-29T09:19:54.169043711Z"},{"startedAt":"2026-05-29T09:19:54.169047461Z","restTimerSecs":60,"status":"IN_PROGRESS","activities":[],"idempotencyKey":"bulk-key-128-e04f7df1-cae9-49e0-b3af-73c370005e55","courseVersion":"1.0","courseId":"44444444-0000-0000-0000-000000000001","clientUpdatedAt":"2026-05-29T09:19:54.169049378Z"},{"startedAt":"2026-05-29T09:19:54.169053253Z","restTimerSecs":60,"status":"IN_PROGRESS","activities":[],"idempotencyKey":"bulk-key-129-39871acf-75ff-4b53-8811-d539c866f879","courseVersion":"1.0","courseId":"44444444-0000-0000-0000-000000000001","clientUpdatedAt":"2026-05-29T09:19:54.169055003Z"},{"startedAt":"2026-05-29T09:19:54.169058961Z","restTimerSecs":60,"status":"IN_PROGRESS","activities":[],"idempotencyKey":"bulk-key-130-a700c259-e2d4-47be-bdcb-a8be82bcdd0e","courseVersion":"1.0","courseId":"44444444-0000-0000-0000-000000000001","clientUpdatedAt":"2026-05-29T09:19:54.169060794Z"},{"startedAt":"2026-05-29T09:19:54.169064669Z","restTimerSecs":60,"status":"IN_PROGRESS","activities":[],"idempotencyKey":"bulk-key-131-5eff7996-9a12-4ff0-9220-561a35ef5567","courseVersion":"1.0","courseId":"44444444-0000-0000-0000-000000000001","clientUpdatedAt":"2026-05-29T09:19:54.169066544Z"},{"startedAt":"2026-05-29T09:19:54.169069878Z","restTimerSecs":60,"status":"IN_PROGRESS","activities":[],"idempotencyKey":"bulk-key-132-f9d5d579-4566-4a38-8db4-24d896213c62","courseVersion":"1.0","courseId":"44444444-0000-0000-0000-000000000001","clientUpdatedAt":"2026-05-29T09:19:54.169071711Z"},{"startedAt":"2026-05-29T09:19:54.169076419Z","restTimerSecs":60,"status":"IN_PROGRESS","activities":[],"idempotencyKey":"bulk-key-133-aae8aeac-b8b6-49da-95d1-0d04a6ddff5b","courseVersion":"1.0","courseId":"44444444-0000-0000-0000-000000000001","clientUpdatedAt":"2026-05-29T09:19:54.169078294Z"},{"startedAt":"2026-05-29T09:19:54.169082128Z","restTimerSecs":60,"status":"IN_PROGRESS","activities":[],"idempotencyKey":"bulk-key-134-3723254b-f533-487d-a457-513eff5fda59","courseVersion":"1.0","courseId":"44444444-0000-0000-0000-000000000001","clientUpdatedAt":"2026-05-29T09:19:54.169083961Z"},{"startedAt":"2026-05-29T09:19:54.169087836Z","restTimerSecs":60,"status":"IN_PROGRESS","activities":[],"idempotencyKey":"bulk-key-135-9b3d5e2f-5da5-4195-95e6-1bf2cc6ee180","courseVersion":"1.0","courseId":"44444444-0000-0000-0000-000000000001","clientUpdatedAt":"2026-05-29T09:19:54.169089669Z"},{"startedAt":"2026-05-29T09:19:54.169093503Z","restTimerSecs":60,"status":"IN_PROGRESS","activities":[],"idempotencyKey":"bulk-key-136-76086a34-c589-4831-902d-f5523bdec8cd","courseVersion":"1.0","courseId":"44444444-0000-0000-0000-000000000001","clientUpdatedAt":"2026-05-29T09:19:54.169099961Z"},{"startedAt":"2026-05-29T09:19:54.169103628Z","restTimerSecs":60,"status":"IN_PROGRESS","activities":[],"idempotencyKey":"bulk-key-137-437a58be-17c8-458b-8e00-40cf5945821a","courseVersion":"1.0","courseId":"44444444-0000-0000-0000-000000000001","clientUpdatedAt":"2026-05-29T09:19:54.169105503Z"},{"startedAt":"2026-05-29T09:19:54.169109336Z","restTimerSecs":60,"status":"IN_PROGRESS","activities":[],"idempotencyKey":"bulk-key-138-29104262-be2e-46cd-8d8f-56d10f02882d","courseVersion":"1.0","courseId":"44444444-0000-0000-0000-000000000001","clientUpdatedAt":"2026-05-29T09:19:54.169111211Z"},{"startedAt":"2026-05-29T09:19:54.169115003Z","restTimerSecs":60,"status":"IN_PROGRESS","activities":[],"idempotencyKey":"bulk-key-139-f1de572a-38ac-4bc2-96a4-d0af788c7dbf","courseVersion":"1.0","courseId":"44444444-0000-0000-0000-000000000001","clientUpdatedAt":"2026-05-29T09:19:54.169116878Z"},{"startedAt":"2026-05-29T09:19:54.169120753Z","restTimerSecs":60,"status":"IN_PROGRESS","activities":[],"idempotencyKey":"bulk-key-140-5d725cbf-7c31-46b1-b16a-c7b101abd067","courseVersion":"1.0","courseId":"44444444-0000-0000-0000-000000000001","clientUpdatedAt":"2026-05-29T09:19:54.169122628Z"},{"startedAt":"2026-05-29T09:19:54.169127294Z","restTimerSecs":60,"status":"IN_PROGRESS","activities":[],"idempotencyKey":"bulk-key-141-79536de2-20e3-471b-9275-5dfe649a1559","courseVersion":"1.0","courseId":"44444444-0000-0000-0000-000000000001","clientUpdatedAt":"2026-05-29T09:19:54.169129211Z"},{"startedAt":"2026-05-29T09:19:54.169132628Z","restTimerSecs":60,"status":"IN_PROGRESS","activities":[],"idempotencyKey":"bulk-key-142-20de133b-6473-46da-9b3b-7dfbf9c92ec2","courseVersion":"1.0","courseId":"44444444-0000-0000-0000-000000000001","clientUpdatedAt":"2026-05-29T09:19:54.169134503Z"},{"startedAt":"2026-05-29T09:19:54.169138294Z","restTimerSecs":60,"status":"IN_PROGRESS","activities":[],"idempotencyKey":"bulk-key-143-f344843e-6560-4612-9612-67c9c1c350af","courseVersion":"1.0","courseId":"44444444-0000-0000-0000-000000000001","clientUpdatedAt":"2026-05-29T09:19:54.169147128Z"},{"startedAt":"2026-05-29T09:19:54.169151419Z","restTimerSecs":60,"status":"IN_PROGRESS","activities":[],"idempotencyKey":"bulk-key-144-fce83ad1-6742-45ae-a4bf-0e607dda1d5b","courseVersion":"1.0","courseId":"44444444-0000-0000-0000-000000000001","clientUpdatedAt":"2026-05-29T09:19:54.169172544Z"},{"startedAt":"2026-05-29T09:19:54.169177211Z","restTimerSecs":60,"status":"IN_PROGRESS","activities":[],"idempotencyKey":"bulk-key-145-b9a3a1b5-b3d9-40b2-9218-de9ae50245bf","courseVersion":"1.0","courseId":"44444444-0000-0000-0000-000000000001","clientUpdatedAt":"2026-05-29T09:19:54.169179211Z"},{"startedAt":"2026-05-29T09:19:54.169183128Z","restTimerSecs":60,"status":"IN_PROGRESS","activities":[],"idempotencyKey":"bulk-key-146-6ce71625-cb26-437b-92c2-3de54a93a239","courseVersion":"1.0","courseId":"44444444-0000-0000-0000-000000000001","clientUpdatedAt":"2026-05-29T09:19:54.169185044Z"},{"startedAt":"2026-05-29T09:19:54.169188586Z","restTimerSecs":60,"status":"IN_PROGRESS","activities":[],"idempotencyKey":"bulk-key-147-51ca2075-1b5a-4eae-844c-70d2a25163e1","courseVersion":"1.0","courseId":"44444444-0000-0000-0000-000000000001","clientUpdatedAt":"2026-05-29T09:19:54.169190503Z"},{"startedAt":"2026-05-29T09:19:54.169194586Z","restTimerSecs":60,"status":"IN_PROGRESS","activities":[],"idempotencyKey":"bulk-key-148-c0cd2245-fe6e-4088-ac25-69657a7811cb","courseVersion":"1.0","courseId":"44444444-0000-0000-0000-000000000001","clientUpdatedAt":"2026-05-29T09:19:54.169196503Z"},{"startedAt":"2026-05-29T09:19:54.169203919Z","restTimerSecs":60,"status":"IN_PROGRESS","activities":[],"idempotencyKey":"bulk-key-149-30f2da02-3b17-4e8b-8cc9-c58402927232","courseVersion":"1.0","courseId":"44444444-0000-0000-0000-000000000001","clientUpdatedAt":"2026-05-29T09:19:54.169205919Z"},{"startedAt":"2026-05-29T09:19:54.169209336Z","restTimerSecs":60,"status":"IN_PROGRESS","activities":[],"idempotencyKey":"bulk-key-150-e6175bab-e33c-4c18-b6b0-248e257c6af1","courseVersion":"1.0","courseId":"44444444-0000-0000-0000-000000000001","clientUpdatedAt":"2026-05-29T09:19:54.169211211Z"},{"startedAt":"2026-05-29T09:19:54.169214503Z","restTimerSecs":60,"status":"IN_PROGRESS","activities":[],"idempotencyKey":"bulk-key-151-af1d8bc8-06e2-4053-82c5-4e90377e6a95","courseVersion":"1.0","courseId":"44444444-0000-0000-0000-000000000001","clientUpdatedAt":"2026-05-29T09:19:54.169216419Z"},{"startedAt":"2026-05-29T09:19:54.169219544Z","restTimerSecs":60,"status":"IN_PROGRESS","activities":[],"idempotencyKey":"bulk-key-152-572eb8ac-98a8-4d3a-b4eb-68123cb48d57","courseVersion":"1.0","courseId":"44444444-0000-0000-0000-000000000001","clientUpdatedAt":"2026-05-29T09:19:54.169226336Z"},{"startedAt":"2026-05-29T09:19:54.169230711Z","restTimerSecs":60,"status":"IN_PROGRESS","activities":[],"idempotencyKey":"bulk-key-153-67d5ac0f-a6c3-4edf-ac8d-ebfebcb0197d","courseVersion":"1.0","courseId":"44444444-0000-0000-0000-000000000001","clientUpdatedAt":"2026-05-29T09:19:54.169232669Z"},{"startedAt":"2026-05-29T09:19:54.169244419Z","restTimerSecs":60,"status":"IN_PROGRESS","activities":[],"idempotencyKey":"bulk-key-154-ba8e1584-a43a-4a0a-8159-665780874184","courseVersion":"1.0","courseId":"44444444-0000-0000-0000-000000000001","clientUpdatedAt":"2026-05-29T09:19:54.169246544Z"},{"startedAt":"2026-05-29T09:19:54.169250211Z","restTimerSecs":60,"status":"IN_PROGRESS","activities":[],"idempotencyKey":"bulk-key-155-f921f158-ca2f-459a-ae12-9a01031bf6bd","courseVersion":"1.0","courseId":"44444444-0000-0000-0000-000000000001","clientUpdatedAt":"2026-05-29T09:19:54.169252128Z"},{"startedAt":"2026-05-29T09:19:54.169255378Z","restTimerSecs":60,"status":"IN_PROGRESS","activities":[],"idempotencyKey":"bulk-key-156-0242b3b8-0e88-4cb0-90ff-56ece5a34fa0","courseVersion":"1.0","courseId":"44444444-0000-0000-0000-000000000001","clientUpdatedAt":"2026-05-29T09:19:54.169257419Z"},{"startedAt":"2026-05-29T09:19:54.169261211Z","restTimerSecs":60,"status":"IN_PROGRESS","activities":[],"idempotencyKey":"bulk-key-157-ec9bcd1d-14c6-4827-be66-1d30f2796e9a","courseVersion":"1.0","courseId":"44444444-0000-0000-0000-000000000001","clientUpdatedAt":"2026-05-29T09:19:54.169263086Z"},{"startedAt":"2026-05-29T09:19:54.169266378Z","restTimerSecs":60,"status":"IN_PROGRESS","activities":[],"idempotencyKey":"bulk-key-158-f03a97c2-2d25-4f03-a1ee-d3c8823dbf0e","courseVersion":"1.0","courseId":"44444444-0000-0000-0000-000000000001","clientUpdatedAt":"2026-05-29T09:19:54.169268253Z"},{"startedAt":"2026-05-29T09:19:54.169272044Z","restTimerSecs":60,"status":"IN_PROGRESS","activities":[],"idempotencyKey":"bulk-key-159-1064b399-f4c8-4e3b-bc85-bdd974d160b9","courseVersion":"1.0","courseId":"44444444-0000-0000-0000-000000000001","clientUpdatedAt":"2026-05-29T09:19:54.169273961Z"},{"startedAt":"2026-05-29T09:19:54.169281378Z","restTimerSecs":60,"status":"IN_PROGRESS","activities":[],"idempotencyKey":"bulk-key-160-82ed7795-e953-4329-a5fe-676e2a5a2e11","courseVersion":"1.0","courseId":"44444444-0000-0000-0000-000000000001","clientUpdatedAt":"2026-05-29T09:19:54.169283461Z"},{"startedAt":"2026-05-29T09:19:54.169286919Z","restTimerSecs":60,"status":"IN_PROGRESS","activities":[],"idempotencyKey":"bulk-key-161-93f49302-fec2-456b-b35e-886af56fa57b","courseVersion":"1.0","courseId":"44444444-0000-0000-0000-000000000001","clientUpdatedAt":"2026-05-29T09:19:54.169289419Z"},{"startedAt":"2026-05-29T09:19:54.169292586Z","restTimerSecs":60,"status":"IN_PROGRESS","activities":[],"idempotencyKey":"bulk-key-162-8e4ce370-17db-4aaa-815b-cbcf60cb3f6a","courseVersion":"1.0","courseId":"44444444-0000-0000-0000-000000000001","clientUpdatedAt":"2026-05-29T09:19:54.169294461Z"},{"startedAt":"2026-05-29T09:19:54.169297753Z","restTimerSecs":60,"status":"IN_PROGRESS","activities":[],"idempotencyKey":"bulk-key-163-a4e8ab82-975b-4165-bf57-915c0d27430a","courseVersion":"1.0","courseId":"44444444-0000-0000-0000-000000000001","clientUpdatedAt":"2026-05-29T09:19:54.169299628Z"},{"startedAt":"2026-05-29T09:19:54.169303003Z","restTimerSecs":60,"status":"IN_PROGRESS","activities":[],"idempotencyKey":"bulk-key-164-264ae5a7-ffab-41a6-8f9a-50f08307d3eb","courseVersion":"1.0","courseId":"44444444-0000-0000-0000-000000000001","clientUpdatedAt":"2026-05-29T09:19:54.169304919Z"},{"startedAt":"2026-05-29T09:19:54.169309003Z","restTimerSecs":60,"status":"IN_PROGRESS","activities":[],"idempotencyKey":"bulk-key-165-bef3fa80-9eb7-4233-8951-b160f66a0b89","courseVersion":"1.0","courseId":"44444444-0000-0000-0000-000000000001","clientUpdatedAt":"2026-05-29T09:19:54.169310919Z"},{"startedAt":"2026-05-29T09:19:54.169314211Z","restTimerSecs":60,"status":"IN_PROGRESS","activities":[],"idempotencyKey":"bulk-key-166-3a842683-dba0-42c5-95b6-50a8414b3cac","courseVersion":"1.0","courseId":"44444444-0000-0000-0000-000000000001","clientUpdatedAt":"2026-05-29T09:19:54.169316044Z"},{"startedAt":"2026-05-29T09:19:54.169318878Z","restTimerSecs":60,"status":"IN_PROGRESS","activities":[],"idempotencyKey":"bulk-key-167-4da4399b-bd2f-4a5e-809f-0ed4bfc2a970","courseVersion":"1.0","courseId":"44444444-0000-0000-0000-000000000001","clientUpdatedAt":"2026-05-29T09:19:54.169320753Z"},{"startedAt":"2026-05-29T09:19:54.169324044Z","restTimerSecs":60,"status":"IN_PROGRESS","activities":[],"idempotencyKey":"bulk-key-168-e0d01228-5b59-4acc-b053-6c3f891a1f95","courseVersion":"1.0","courseId":"44444444-0000-0000-0000-000000000001","clientUpdatedAt":"2026-05-29T09:19:54.169325919Z"},{"startedAt":"2026-05-29T09:19:54.169329128Z","restTimerSecs":60,"status":"IN_PROGRESS","activities":[],"idempotencyKey":"bulk-key-169-c6220382-3f7c-4d0c-ab95-fe4289969b93","courseVersion":"1.0","courseId":"44444444-0000-0000-0000-000000000001","clientUpdatedAt":"2026-05-29T09:19:54.169331128Z"},{"startedAt":"2026-05-29T09:19:54.169334628Z","restTimerSecs":60,"status":"IN_PROGRESS","activities":[],"idempotencyKey":"bulk-key-170-02f9b850-4607-4fe7-b8be-a3ee775678c1","courseVersion":"1.0","courseId":"44444444-0000-0000-0000-000000000001","clientUpdatedAt":"2026-05-29T09:19:54.169342336Z"},{"startedAt":"2026-05-29T09:19:54.169345919Z","restTimerSecs":60,"status":"IN_PROGRESS","activities":[],"idempotencyKey":"bulk-key-171-96a012c7-adbf-4018-851e-27f4085e805b","courseVersion":"1.0","courseId":"44444444-0000-0000-0000-000000000001","clientUpdatedAt":"2026-05-29T09:19:54.169347669Z"},{"startedAt":"2026-05-29T09:19:54.169350294Z","restTimerSecs":60,"status":"IN_PROGRESS","activities":[],"idempotencyKey":"bulk-key-172-2bb8633a-eee2-4ca4-a2f2-cf0c0bd9e11c","courseVersion":"1.0","courseId":"44444444-0000-0000-0000-000000000001","clientUpdatedAt":"2026-05-29T09:19:54.169352003Z"},{"startedAt":"2026-05-29T09:19:54
[...]
4444444-0000-0000-0000-000000000001","clientUpdatedAt":"2026-05-29T09:19:54.170825753Z"},{"startedAt":"2026-05-29T09:19:54.170828711Z","restTimerSecs":60,"status":"IN_PROGRESS","activities":[],"idempotencyKey":"bulk-key-441-fa8b5699-3131-4231-8ccd-f164e8b927eb","courseVersion":"1.0","courseId":"44444444-0000-0000-0000-000000000001","clientUpdatedAt":"2026-05-29T09:19:54.170830419Z"},{"startedAt":"2026-05-29T09:19:54.170832961Z","restTimerSecs":60,"status":"IN_PROGRESS","activities":[],"idempotencyKey":"bulk-key-442-aa94a55c-8f3f-456b-ac97-b411dcaf4f71","courseVersion":"1.0","courseId":"44444444-0000-0000-0000-000000000001","clientUpdatedAt":"2026-05-29T09:19:54.170834586Z"},{"startedAt":"2026-05-29T09:19:54.170837544Z","restTimerSecs":60,"status":"IN_PROGRESS","activities":[],"idempotencyKey":"bulk-key-443-6530b38d-5142-4f17-9b8f-de5168b5b02d","courseVersion":"1.0","courseId":"44444444-0000-0000-0000-000000000001","clientUpdatedAt":"2026-05-29T09:19:54.170839169Z"},{"startedAt":"2026-05-29T09:19:54.170842128Z","restTimerSecs":60,"status":"IN_PROGRESS","activities":[],"idempotencyKey":"bulk-key-444-d76b738b-a830-4520-bffa-77ff920a8fba","courseVersion":"1.0","courseId":"44444444-0000-0000-0000-000000000001","clientUpdatedAt":"2026-05-29T09:19:54.170843878Z"},{"startedAt":"2026-05-29T09:19:54.170847628Z","restTimerSecs":60,"status":"IN_PROGRESS","activities":[],"idempotencyKey":"bulk-key-445-ea2824c7-8b5b-4f4a-997a-c009dc400ee9","courseVersion":"1.0","courseId":"44444444-0000-0000-0000-000000000001","clientUpdatedAt":"2026-05-29T09:19:54.170849378Z"},{"startedAt":"2026-05-29T09:19:54.170852461Z","restTimerSecs":60,"status":"IN_PROGRESS","activities":[],"idempotencyKey":"bulk-key-446-935c550f-be50-4e23-8ef5-7580dc451a5d","courseVersion":"1.0","courseId":"44444444-0000-0000-0000-000000000001","clientUpdatedAt":"2026-05-29T09:19:54.170854169Z"},{"startedAt":"2026-05-29T09:19:54.170856753Z","restTimerSecs":60,"status":"IN_PROGRESS","activities":[],"idempotencyKey":"bulk-key-447-554f76b2-4ec5-413d-ae5a-0fa57a94753f","courseVersion":"1.0","courseId":"44444444-0000-0000-0000-000000000001","clientUpdatedAt":"2026-05-29T09:19:54.170858378Z"},{"startedAt":"2026-05-29T09:19:54.170861503Z","restTimerSecs":60,"status":"IN_PROGRESS","activities":[],"idempotencyKey":"bulk-key-448-ead04146-c07a-42ec-a06b-4feb7afb7b46","courseVersion":"1.0","courseId":"44444444-0000-0000-0000-000000000001","clientUpdatedAt":"2026-05-29T09:19:54.170863169Z"},{"startedAt":"2026-05-29T09:19:54.170866294Z","restTimerSecs":60,"status":"IN_PROGRESS","activities":[],"idempotencyKey":"bulk-key-449-a9fa0cf0-8f78-46f8-beea-77be037c0ee7","courseVersion":"1.0","courseId":"44444444-0000-0000-0000-000000000001","clientUpdatedAt":"2026-05-29T09:19:54.170867919Z"},{"startedAt":"2026-05-29T09:19:54.170870961Z","restTimerSecs":60,"status":"IN_PROGRESS","activities":[],"idempotencyKey":"bulk-key-450-4da410eb-e4e2-49ac-a172-c78fb0faddca","courseVersion":"1.0","courseId":"44444444-0000-0000-0000-000000000001","clientUpdatedAt":"2026-05-29T09:19:54.170872586Z"},{"startedAt":"2026-05-29T09:19:54.170875628Z","restTimerSecs":60,"status":"IN_PROGRESS","activities":[],"idempotencyKey":"bulk-key-451-10ab1621-edac-4fde-8087-775df7ce027f","courseVersion":"1.0","courseId":"44444444-0000-0000-0000-000000000001","clientUpdatedAt":"2026-05-29T09:19:54.170877294Z"},{"startedAt":"2026-05-29T09:19:54.170879919Z","restTimerSecs":60,"status":"IN_PROGRESS","activities":[],"idempotencyKey":"bulk-key-452-d56108e9-5ce5-4887-8dd1-dc7b8e2bc1a0","courseVersion":"1.0","courseId":"44444444-0000-0000-0000-000000000001","clientUpdatedAt":"2026-05-29T09:19:54.170881503Z"},{"startedAt":"2026-05-29T09:19:54.170893086Z","restTimerSecs":60,"status":"IN_PROGRESS","activities":[],"idempotencyKey":"bulk-key-453-431277d8-3cf6-4296-9261-70a2b1882fc8","courseVersion":"1.0","courseId":"44444444-0000-0000-0000-000000000001","clientUpdatedAt":"2026-05-29T09:19:54.170896336Z"},{"startedAt":"2026-05-29T09:19:54.170900878Z","restTimerSecs":60,"status":"IN_PROGRESS","activities":[],"idempotencyKey":"bulk-key-454-eeaadde5-4886-4adc-bf17-1f0f4e56ae10","courseVersion":"1.0","courseId":"44444444-0000-0000-0000-000000000001","clientUpdatedAt":"2026-05-29T09:19:54.170902586Z"},{"startedAt":"2026-05-29T09:19:54.170905753Z","restTimerSecs":60,"status":"IN_PROGRESS","activities":[],"idempotencyKey":"bulk-key-455-bea94277-2314-4853-91c9-144fa3a9e2d6","courseVersion":"1.0","courseId":"44444444-0000-0000-0000-000000000001","clientUpdatedAt":"2026-05-29T09:19:54.170907461Z"},{"startedAt":"2026-05-29T09:19:54.170910586Z","restTimerSecs":60,"status":"IN_PROGRESS","activities":[],"idempotencyKey":"bulk-key-456-1d11f7cc-25e4-429f-8e51-5d19b0b98a31","courseVersion":"1.0","courseId":"44444444-0000-0000-0000-000000000001","clientUpdatedAt":"2026-05-29T09:19:54.170912211Z"},{"startedAt":"2026-05-29T09:19:54.170914794Z","restTimerSecs":60,"status":"IN_PROGRESS","activities":[],"idempotencyKey":"bulk-key-457-d1a8364a-e6df-4be6-b90f-8a5c0fdeb821","courseVersion":"1.0","courseId":"44444444-0000-0000-0000-000000000001","clientUpdatedAt":"2026-05-29T09:19:54.170916753Z"},{"startedAt":"2026-05-29T09:19:54.170919836Z","restTimerSecs":60,"status":"IN_PROGRESS","activities":[],"idempotencyKey":"bulk-key-458-7c4cd943-b51c-4e3e-9e59-87fcc49432c8","courseVersion":"1.0","courseId":"44444444-0000-0000-0000-000000000001","clientUpdatedAt":"2026-05-29T09:19:54.170921544Z"},{"startedAt":"2026-05-29T09:19:54.170924794Z","restTimerSecs":60,"status":"IN_PROGRESS","activities":[],"idempotencyKey":"bulk-key-459-28c1c30b-263f-4783-ad91-73c90f624a15","courseVersion":"1.0","courseId":"44444444-0000-0000-0000-000000000001","clientUpdatedAt":"2026-05-29T09:19:54.170930669Z"},{"startedAt":"2026-05-29T09:19:54.170935378Z","restTimerSecs":60,"status":"IN_PROGRESS","activities":[],"idempotencyKey":"bulk-key-460-ee002ee7-fd92-49ea-bcc4-b8ea341ed2fc","courseVersion":"1.0","courseId":"44444444-0000-0000-0000-000000000001","clientUpdatedAt":"2026-05-29T09:19:54.170937169Z"},{"startedAt":"2026-05-29T09:19:54.170942211Z","restTimerSecs":60,"status":"IN_PROGRESS","activities":[],"idempotencyKey":"bulk-key-461-85d0a45d-e6e2-4e55-89c8-27b41fc45571","courseVersion":"1.0","courseId":"44444444-0000-0000-0000-000000000001","clientUpdatedAt":"2026-05-29T09:19:54.170943878Z"},{"startedAt":"2026-05-29T09:19:54.170946503Z","restTimerSecs":60,"status":"IN_PROGRESS","activities":[],"idempotencyKey":"bulk-key-462-2f817c15-966e-40d3-9b02-d51c385c892e","courseVersion":"1.0","courseId":"44444444-0000-0000-0000-000000000001","clientUpdatedAt":"2026-05-29T09:19:54.170948169Z"},{"startedAt":"2026-05-29T09:19:54.170951128Z","restTimerSecs":60,"status":"IN_PROGRESS","activities":[],"idempotencyKey":"bulk-key-463-5f5af8b1-98d8-43b9-85e9-4ee79d9bd4de","courseVersion":"1.0","courseId":"44444444-0000-0000-0000-000000000001","clientUpdatedAt":"2026-05-29T09:19:54.170952711Z"},{"startedAt":"2026-05-29T09:19:54.170955794Z","restTimerSecs":60,"status":"IN_PROGRESS","activities":[],"idempotencyKey":"bulk-key-464-188f4dcd-0eb1-4d53-bbf9-75d81d7d8a94","courseVersion":"1.0","courseId":"44444444-0000-0000-0000-000000000001","clientUpdatedAt":"2026-05-29T09:19:54.170958169Z"},{"startedAt":"2026-05-29T09:19:54.170961294Z","restTimerSecs":60,"status":"IN_PROGRESS","activities":[],"idempotencyKey":"bulk-key-465-7367e1c4-a13c-4bc6-91f8-8de8a5bb332d","courseVersion":"1.0","courseId":"44444444-0000-0000-0000-000000000001","clientUpdatedAt":"2026-05-29T09:19:54.170963044Z"},{"startedAt":"2026-05-29T09:19:54.170967086Z","restTimerSecs":60,"status":"IN_PROGRESS","activities":[],"idempotencyKey":"bulk-key-466-05bcd50f-8889-4508-99c9-0438eb9fd34e","courseVersion":"1.0","courseId":"44444444-0000-0000-0000-000000000001","clientUpdatedAt":"2026-05-29T09:19:54.170968794Z"},{"startedAt":"2026-05-29T09:19:54.170971586Z","restTimerSecs":60,"status":"IN_PROGRESS","activities":[],"idempotencyKey":"bulk-key-467-7f5b6aa8-c276-4b85-b9b5-b2840092c31d","courseVersion":"1.0","courseId":"44444444-0000-0000-0000-000000000001","clientUpdatedAt":"2026-05-29T09:19:54.170973211Z"},{"startedAt":"2026-05-29T09:19:54.170976169Z","restTimerSecs":60,"status":"IN_PROGRESS","activities":[],"idempotencyKey":"bulk-key-468-d85b6e6f-ba16-4933-baee-e63dc360dcff","courseVersion":"1.0","courseId":"44444444-0000-0000-0000-000000000001","clientUpdatedAt":"2026-05-29T09:19:54.170977836Z"},{"startedAt":"2026-05-29T09:19:54.170981544Z","restTimerSecs":60,"status":"IN_PROGRESS","activities":[],"idempotencyKey":"bulk-key-469-0c2080f9-fa80-4903-be64-0593f641ae5e","courseVersion":"1.0","courseId":"44444444-0000-0000-0000-000000000001","clientUpdatedAt":"2026-05-29T09:19:54.170983336Z"},{"startedAt":"2026-05-29T09:19:54.170986378Z","restTimerSecs":60,"status":"IN_PROGRESS","activities":[],"idempotencyKey":"bulk-key-470-00e9401f-b82f-4772-8bb3-6d68baca1402","courseVersion":"1.0","courseId":"44444444-0000-0000-0000-000000000001","clientUpdatedAt":"2026-05-29T09:19:54.170988086Z"},{"startedAt":"2026-05-29T09:19:54.170991253Z","restTimerSecs":60,"status":"IN_PROGRESS","activities":[],"idempotencyKey":"bulk-key-471-71455b2c-0eed-438d-b816-baaf08a611cf","courseVersion":"1.0","courseId":"44444444-0000-0000-0000-000000000001","clientUpdatedAt":"2026-05-29T09:19:54.170992961Z"},{"startedAt":"2026-05-29T09:19:54.170995544Z","restTimerSecs":60,"status":"IN_PROGRESS","activities":[],"idempotencyKey":"bulk-key-472-5f6b6b4b-b22a-49f3-9b90-fb459f8bf594","courseVersion":"1.0","courseId":"44444444-0000-0000-0000-000000000001","clientUpdatedAt":"2026-05-29T09:19:54.170997211Z"},{"startedAt":"2026-05-29T09:19:54.171000503Z","restTimerSecs":60,"status":"IN_PROGRESS","activities":[],"idempotencyKey":"bulk-key-473-a7217bb5-e5d3-4291-aaf8-d83f9fc12e5f","courseVersion":"1.0","courseId":"44444444-0000-0000-0000-000000000001","clientUpdatedAt":"2026-05-29T09:19:54.171002169Z"},{"startedAt":"2026-05-29T09:19:54.171005336Z","restTimerSecs":60,"status":"IN_PROGRESS","activities":[],"idempotencyKey":"bulk-key-474-98979fc7-8cc9-48fb-bc2a-8c672f1cd7e6","courseVersion":"1.0","courseId":"44444444-0000-0000-0000-000000000001","clientUpdatedAt":"2026-05-29T09:19:54.171007044Z"},{"startedAt":"2026-05-29T09:19:54.171016336Z","restTimerSecs":60,"status":"IN_PROGRESS","activities":[],"idempotencyKey":"bulk-key-475-4124c616-dcf5-438e-8f00-00e484a4b52a","courseVersion":"1.0","courseId":"44444444-0000-0000-0000-000000000001","clientUpdatedAt":"2026-05-29T09:19:54.171018294Z"},{"startedAt":"2026-05-29T09:19:54.171021544Z","restTimerSecs":60,"status":"IN_PROGRESS","activities":[],"idempotencyKey":"bulk-key-476-a5b0ab7a-dd7b-4b53-9a4c-328363c24bfa","courseVersion":"1.0","courseId":"44444444-0000-0000-0000-000000000001","clientUpdatedAt":"2026-05-29T09:19:54.171023628Z"},{"startedAt":"2026-05-29T09:19:54.171027128Z","restTimerSecs":60,"status":"IN_PROGRESS","activities":[],"idempotencyKey":"bulk-key-477-c28f9175-32a2-4441-bdc8-e4655ce5a999","courseVersion":"1.0","courseId":"44444444-0000-0000-0000-000000000001","clientUpdatedAt":"2026-05-29T09:19:54.171028836Z"},{"startedAt":"2026-05-29T09:19:54.171031919Z","restTimerSecs":60,"status":"IN_PROGRESS","activities":[],"idempotencyKey":"bulk-key-478-60724108-2bf5-414c-9f4e-80dc9bb21138","courseVersion":"1.0","courseId":"44444444-0000-0000-0000-000000000001","clientUpdatedAt":"2026-05-29T09:19:54.171033669Z"},{"startedAt":"2026-05-29T09:19:54.171036753Z","restTimerSecs":60,"status":"IN_PROGRESS","activities":[],"idempotencyKey":"bulk-key-479-8de8da63-9a7a-495e-a2f4-3955094b677c","courseVersion":"1.0","courseId":"44444444-0000-0000-0000-000000000001","clientUpdatedAt":"2026-05-29T09:19:54.171038419Z"},{"startedAt":"2026-05-29T09:19:54.171041503Z","restTimerSecs":60,"status":"IN_PROGRESS","activities":[],"idempotencyKey":"bulk-key-480-83be8c92-05d9-4d23-afd0-ef97c3a33d56","courseVersion":"1.0","courseId":"44444444-0000-0000-0000-000000000001","clientUpdatedAt":"2026-05-29T09:19:54.171043169Z"},{"startedAt":"2026-05-29T09:19:54.171046128Z","restTimerSecs":60,"status":"IN_PROGRESS","activities":[],"idempotencyKey":"bulk-key-481-df443014-f6b3-4e05-ae2a-946316b292d2","courseVersion":"1.0","courseId":"44444444-0000-0000-0000-000000000001","clientUpdatedAt":"2026-05-29T09:19:54.171048503Z"},{"startedAt":"2026-05-29T09:19:54.171051294Z","restTimerSecs":60,"status":"IN_PROGRESS","activities":[],"idempotencyKey":"bulk-key-482-8db21ca7-1167-4c48-9e45-ccc86c597c3e","courseVersion":"1.0","courseId":"44444444-0000-0000-0000-000000000001","clientUpdatedAt":"2026-05-29T09:19:54.171053628Z"},{"startedAt":"2026-05-29T09:19:54.171056753Z","restTimerSecs":60,"status":"IN_PROGRESS","activities":[],"idempotencyKey":"bulk-key-483-2d75039f-fc00-4f7e-84cd-2562b1edec36","courseVersion":"1.0","courseId":"44444444-0000-0000-0000-000000000001","clientUpdatedAt":"2026-05-29T09:19:54.171058378Z"},{"startedAt":"2026-05-29T09:19:54.171061419Z","restTimerSecs":60,"status":"IN_PROGRESS","activities":[],"idempotencyKey":"bulk-key-484-9a11bc73-5e06-4987-a643-6ca95b46ccac","courseVersion":"1.0","courseId":"44444444-0000-0000-0000-000000000001","clientUpdatedAt":"2026-05-29T09:19:54.171063044Z"},{"startedAt":"2026-05-29T09:19:54.171066836Z","restTimerSecs":60,"status":"IN_PROGRESS","activities":[],"idempotencyKey":"bulk-key-485-2f3b3bff-e0fc-49eb-b08a-c644e29c2237","courseVersion":"1.0","courseId":"44444444-0000-0000-0000-000000000001","clientUpdatedAt":"2026-05-29T09:19:54.171069211Z"},{"startedAt":"2026-05-29T09:19:54.171072294Z","restTimerSecs":60,"status":"IN_PROGRESS","activities":[],"idempotencyKey":"bulk-key-486-dcc71814-e72d-479b-87c3-277badbc70a4","courseVersion":"1.0","courseId":"44444444-0000-0000-0000-000000000001","clientUpdatedAt":"2026-05-29T09:19:54.171073961Z"},{"startedAt":"2026-05-29T09:19:54.171079294Z","restTimerSecs":60,"status":"IN_PROGRESS","activities":[],"idempotencyKey":"bulk-key-487-37183972-bf78-4bb6-96cd-21c44f056d32","courseVersion":"1.0","courseId":"44444444-0000-0000-0000-000000000001","clientUpdatedAt":"2026-05-29T09:19:54.171081378Z"},{"startedAt":"2026-05-29T09:19:54.171084961Z","restTimerSecs":60,"status":"IN_PROGRESS","activities":[],"idempotencyKey":"bulk-key-488-6eb6a1a5-d8a6-4c1d-bc36-9da9fd7d81eb","courseVersion":"1.0","courseId":"44444444-0000-0000-0000-000000000001","clientUpdatedAt":"2026-05-29T09:19:54.171086586Z"},{"startedAt":"2026-05-29T09:19:54.171089836Z","restTimerSecs":60,"status":"IN_PROGRESS","activities":[],"idempotencyKey":"bulk-key-489-81d265c6-2737-47ca-b36f-ea4fe15d0213","courseVersion":"1.0","courseId":"44444444-0000-0000-0000-000000000001","clientUpdatedAt":"2026-05-29T09:19:54.171126503Z"},{"startedAt":"2026-05-29T09:19:54.171132128Z","restTimerSecs":60,"status":"IN_PROGRESS","activities":[],"idempotencyKey":"bulk-key-490-23a59437-ddf7-4103-87ce-3d9e94cdfc2f","courseVersion":"1.0","courseId":"44444444-0000-0000-0000-000000000001","clientUpdatedAt":"2026-05-29T09:19:54.171133211Z"},{"startedAt":"2026-05-29T09:19:54.171135628Z","restTimerSecs":60,"status":"IN_PROGRESS","activities":[],"idempotencyKey":"bulk-key-491-e0d03b6c-a344-4e8c-92c0-29e6b3b78a3d","courseVersion":"1.0","courseId":"44444444-0000-0000-0000-000000000001","clientUpdatedAt":"2026-05-29T09:19:54.171136711Z"},{"startedAt":"2026-05-29T09:19:54.171138711Z","restTimerSecs":60,"status":"IN_PROGRESS","activities":[],"idempotencyKey":"bulk-key-492-6d33ce08-fd69-41dd-91d6-01abd3fd9e9f","courseVersion":"1.0","courseId":"44444444-0000-0000-0000-000000000001","clientUpdatedAt":"2026-05-29T09:19:54.171139711Z"},{"startedAt":"2026-05-29T09:19:54.171144044Z","restTimerSecs":60,"status":"IN_PROGRESS","activities":[],"idempotencyKey":"bulk-key-493-158c081f-8b8e-4edb-bf36-1a0a8ca7b72d","courseVersion":"1.0","courseId":"44444444-0000-0000-0000-000000000001","clientUpdatedAt":"2026-05-29T09:19:54.171145128Z"},{"startedAt":"2026-05-29T09:19:54.171147503Z","restTimerSecs":60,"status":"IN_PROGRESS","activities":[],"idempotencyKey":"bulk-key-494-48b4fc24-e1a1-43df-9d4d-2be0dd5e7bbc","courseVersion":"1.0","courseId":"44444444-0000-0000-0000-000000000001","clientUpdatedAt":"2026-05-29T09:19:54.171148544Z"},{"startedAt":"2026-05-29T09:19:54.171151044Z","restTimerSecs":60,"status":"IN_PROGRESS","activities":[],"idempotencyKey":"bulk-key-495-0d79d41f-357e-4f95-ab7d-f691c920e452","courseVersion":"1.0","courseId":"44444444-0000-0000-0000-000000000001","clientUpdatedAt":"2026-05-29T09:19:54.171152086Z"},{"startedAt":"2026-05-29T09:19:54.171155211Z","restTimerSecs":60,"status":"IN_PROGRESS","activities":[],"idempotencyKey":"bulk-key-496-a40640bd-05d4-4bd8-9969-6b8e1cbfb97c","courseVersion":"1.0","courseId":"44444444-0000-0000-0000-000000000001","clientUpdatedAt":"2026-05-29T09:19:54.171156294Z"},{"startedAt":"2026-05-29T09:19:54.171158294Z","restTimerSecs":60,"status":"IN_PROGRESS","activities":[],"idempotencyKey":"bulk-key-497-e34b37cb-f906-4ca8-b974-7bc14db356dd","courseVersion":"1.0","courseId":"44444444-0000-0000-0000-000000000001","clientUpdatedAt":"2026-05-29T09:19:54.171159294Z"},{"startedAt":"2026-05-29T09:19:54.171161544Z","restTimerSecs":60,"status":"IN_PROGRESS","activities":[],"idempotencyKey":"bulk-key-498-cf1c9e0f-c5c4-4f6a-a74a-c2b2c6d5e46a","courseVersion":"1.0","courseId":"44444444-0000-0000-0000-000000000001","clientUpdatedAt":"2026-05-29T09:19:54.171162544Z"},{"startedAt":"2026-05-29T09:19:54.171164836Z","restTimerSecs":60,"status":"IN_PROGRESS","activities":[],"idempotencyKey":"bulk-key-499-40a28fbe-dc78-45d5-95bd-69c86e45cf45","courseVersion":"1.0","courseId":"44444444-0000-0000-0000-000000000001","clientUpdatedAt":"2026-05-29T09:19:54.171165878Z"},{"startedAt":"2026-05-29T09:19:54.171168211Z","restTimerSecs":60,"status":"IN_PROGRESS","activities":[],"idempotencyKey":"bulk-key-500-343e3b69-9a46-4f7f-a230-02f4f6bb4af2","courseVersion":"1.0","courseId":"44444444-0000-0000-0000-000000000001","clientUpdatedAt":"2026-05-29T09:19:54.171169253Z"}]
    Session Attrs = {}

Handler:
             Type = com.meridian.controller.SessionSyncController
           Method = com.meridian.controller.SessionSyncController#syncSessions(List, UserDetails)

Async:
    Async started = false
     Async result = null

Resolved Exception:
             Type = jakarta.validation.ConstraintViolationException

ModelAndView:
        View name = null
             View = null
            Model = null

FlashMap:
       Attributes = null

MockHttpServletResponse:
           Status = 500
    Error message = null
          Headers = [Vary:"Origin", "Access-Control-Request-Method", "Access-Control-Request-Headers", X-Content-Type-Options:"nosniff", X-Frame-Options:"DENY", Strict-Transport-Security:"max-age=31536000; includeSubDomains", Content-Security-Policy:"default-src 'self'", Referrer-Policy:"strict-origin-when-cross-origin", Content-Type:"application/json", X-XSS-Protection:"0", Cache-Control:"no-cache, no-store, max-age=0, must-revalidate", Pragma:"no-cache", Expires:"0"]
     Content type = application/json
             Body = {"error":"INTERNAL_ERROR","message":"An unexpected error occurred","timestamp":"2026-05-29T09:19:54.216887878Z","details":null}
    Forwarded URL = null
   Redirected URL = null
          Cookies = []
]]></system-out>
  </testcase>
  <testcase name="sync_unauthenticated_returns401" classname="com.meridian.api.SessionSyncControllerTest" time="0.258">
    <system-out><![CDATA[{"timestamp":"2026-05-29T09:19:54.470989503Z","@version":"1","message":"User logged in: username=student1","logger":"com.meridian.service.AuthService","thread_name":"main","level":"INFO","level_value":20000}
]]></system-out>
  </testcase>
  <testcase name="sync_response_hasSyncResultShape" classname="com.meridian.api.SessionSyncControllerTest" time="0.264">
    <system-out><![CDATA[{"timestamp":"2026-05-29T09:19:54.730515295Z","@version":"1","message":"User logged in: username=student1","logger":"com.meridian.service.AuthService","thread_name":"main","level":"INFO","level_value":20000}
]]></system-out>
  </testcase>
</testsuite>