<?xml version="1.0" encoding="UTF-8"?>
<testsuite xmlns:xsi="http://www.w3.org/2001/XMLSchema-instance" xsi:noNamespaceSchemaLocation="https://maven.apache.org/surefire/maven-surefire-plugin/xsd/surefire-test-report-3.0.xsd" version="3.0" name="com.meridian.api.ReportScheduleControllerTest" time="8.37" tests="11" errors="0" skipped="0" failures="0">
  <properties>
[...]
</properties>
  <testcase name="createSchedule_asAdmin_returns201" classname="com.meridian.api.ReportScheduleControllerTest" time="0.776">
    <system-out><![CDATA[{"timestamp":"2026-05-29T09:19:55.058319337Z","@version":"1","message":"User logged in: username=admin","logger":"com.meridian.service.AuthService","thread_name":"main","level":"INFO","level_value":20000}
{"timestamp":"2026-05-29T09:19:55.304912045Z","@version":"1","message":"User logged in: username=corp1","logger":"com.meridian.service.AuthService","thread_name":"main","level":"INFO","level_value":20000}
{"timestamp":"2026-05-29T09:19:55.553589462Z","@version":"1","message":"User logged in: username=student1","logger":"com.meridian.service.AuthService","thread_name":"main","level":"INFO","level_value":20000}
{"timestamp":"2026-05-29T09:19:55.569269712Z","@version":"1","message":"Registered Quartz job report-74c56950-de71-43ec-8364-b9b71987d76e with cron 0 0 6 * * ?","logger":"com.meridian.controller.ReportScheduleController","thread_name":"main","level":"INFO","level_value":20000}
{"timestamp":"2026-05-29T09:19:55.569355462Z","@version":"1","message":"Created report schedule 74c56950-de71-43ec-8364-b9b71987d76e for user 33333333-0000-0000-0000-000000000001","logger":"com.meridian.controller.ReportScheduleController","thread_name":"main","level":"INFO","level_value":20000}
]]></system-out>
  </testcase>
  <testcase name="createSchedule_asCorporateMentor_returns201" classname="com.meridian.api.ReportScheduleControllerTest" time="0.753">
    <system-out><![CDATA[{"timestamp":"2026-05-29T09:19:55.817622295Z","@version":"1","message":"User logged in: username=admin","logger":"com.meridian.service.AuthService","thread_name":"main","level":"INFO","level_value":20000}
{"timestamp":"2026-05-29T09:19:56.066578837Z","@version":"1","message":"User logged in: username=corp1","logger":"com.meridian.service.AuthService","thread_name":"main","level":"INFO","level_value":20000}
{"timestamp":"2026-05-29T09:19:56.313836837Z","@version":"1","message":"User logged in: username=student1","logger":"com.meridian.service.AuthService","thread_name":"main","level":"INFO","level_value":20000}
{"timestamp":"2026-05-29T09:19:56.323877295Z","@version":"1","message":"Registered Quartz job report-7bcbf14e-4f5b-4cda-95c6-cc6b1763ce7a with cron 0 0 6 * * ?","logger":"com.meridian.controller.ReportScheduleController","thread_name":"main","level":"INFO","level_value":20000}
{"timestamp":"2026-05-29T09:19:56.323947045Z","@version":"1","message":"Created report schedule 7bcbf14e-4f5b-4cda-95c6-cc6b1763ce7a for user 33333333-0000-0000-0000-000000000003","logger":"com.meridian.controller.ReportScheduleController","thread_name":"main","level":"INFO","level_value":20000}
]]></system-out>
  </testcase>
  <testcase name="createSchedule_asStudent_returns403" classname="com.meridian.api.ReportScheduleControllerTest" time="0.743">
    <system-out><![CDATA[{"timestamp":"2026-05-29T09:19:56.566846337Z","@version":"1","message":"User logged in: username=admin","logger":"com.meridian.service.AuthService","thread_name":"main","level":"INFO","level_value":20000}
{"timestamp":"2026-05-29T09:19:56.813397921Z","@version":"1","message":"User logged in: username=corp1","logger":"com.meridian.service.AuthService","thread_name":"main","level":"INFO","level_value":20000}
{"timestamp":"2026-05-29T09:19:57.058235129Z","@version":"1","message":"User logged in: username=student1","logger":"com.meridian.service.AuthService","thread_name":"main","level":"INFO","level_value":20000}
]]></system-out>
  </testcase>
  <testcase name="createSchedule_missingReportType_returns400" classname="com.meridian.api.ReportScheduleControllerTest" time="0.754">
    <system-out><![CDATA[{"timestamp":"2026-05-29T09:19:57.309481546Z","@version":"1","message":"User logged in: username=admin","logger":"com.meridian.service.AuthService","thread_name":"main","level":"INFO","level_value":20000}
{"timestamp":"2026-05-29T09:19:57.558577129Z","@version":"1","message":"User logged in: username=corp1","logger":"com.meridian.service.AuthService","thread_name":"main","level":"INFO","level_value":20000}
{"timestamp":"2026-05-29T09:19:57.809906171Z","@version":"1","message":"User logged in: username=student1","logger":"com.meridian.service.AuthService","thread_name":"main","level":"INFO","level_value":20000}
]]></system-out>
  </testcase>
  <testcase name="createSchedule_unauthenticated_returns401" classname="com.meridian.api.ReportScheduleControllerTest" time="0.748">
    <system-out><![CDATA[{"timestamp":"2026-05-29T09:19:58.06457613Z","@version":"1","message":"User logged in: username=admin","logger":"com.meridian.service.AuthService","thread_name":"main","level":"INFO","level_value":20000}
{"timestamp":"2026-05-29T09:19:58.313711338Z","@version":"1","message":"User logged in: username=corp1","logger":"com.meridian.service.AuthService","thread_name":"main","level":"INFO","level_value":20000}
{"timestamp":"2026-05-29T09:19:58.561729005Z","@version":"1","message":"User logged in: username=student1","logger":"com.meridian.service.AuthService","thread_name":"main","level":"INFO","level_value":20000}
]]></system-out>
  </testcase>
  <testcase name="listSchedules_asAdmin_returns200WithPageStructure" classname="com.meridian.api.ReportScheduleControllerTest" time="0.766">
    <system-out><![CDATA[{"timestamp":"2026-05-29T09:19:58.815389505Z","@version":"1","message":"User logged in: username=admin","logger":"com.meridian.service.AuthService","thread_name":"main","level":"INFO","level_value":20000}
{"timestamp":"2026-05-29T09:19:59.069397713Z","@version":"1","message":"User logged in: username=corp1","logger":"com.meridian.service.AuthService","thread_name":"main","level":"INFO","level_value":20000}
{"timestamp":"2026-05-29T09:19:59.325084464Z","@version":"1","message":"User logged in: username=student1","logger":"com.meridian.service.AuthService","thread_name":"main","level":"INFO","level_value":20000}
]]></system-out>
  </testcase>
  <testcase name="listSchedules_asCorporateMentor_returns200" classname="com.meridian.api.ReportScheduleControllerTest" time="0.777">
    <system-out><![CDATA[{"timestamp":"2026-05-29T09:19:59.582549839Z","@version":"1","message":"User logged in: username=admin","logger":"com.meridian.service.AuthService","thread_name":"main","level":"INFO","level_value":20000}
{"timestamp":"2026-05-29T09:19:59.841351172Z","@version":"1","message":"User logged in: username=corp1","logger":"com.meridian.service.AuthService","thread_name":"main","level":"INFO","level_value":20000}
{"timestamp":"2026-05-29T09:20:00.100925797Z","@version":"1","message":"User logged in: username=student1","logger":"com.meridian.service.AuthService","thread_name":"main","level":"INFO","level_value":20000}
]]></system-out>
  </testcase>
  <testcase name="listSchedules_unauthenticated_returns401" classname="com.meridian.api.ReportScheduleControllerTest" time="0.755">
    <system-out><![CDATA[{"timestamp":"2026-05-29T09:20:00.358518297Z","@version":"1","message":"User logged in: username=admin","logger":"com.meridian.service.AuthService","thread_name":"main","level":"INFO","level_value":20000}
{"timestamp":"2026-05-29T09:20:00.606973298Z","@version":"1","message":"User logged in: username=corp1","logger":"com.meridian.service.AuthService","thread_name":"main","level":"INFO","level_value":20000}
{"timestamp":"2026-05-29T09:20:00.863613631Z","@version":"1","message":"User logged in: username=student1","logger":"com.meridian.service.AuthService","thread_name":"main","level":"INFO","level_value":20000}
]]></system-out>
  </testcase>
  <testcase name="deleteSchedule_asAdmin_ownSchedule_returns204" classname="com.meridian.api.ReportScheduleControllerTest" time="0.772">
    <system-out><![CDATA[{"timestamp":"2026-05-29T09:20:01.116976923Z","@version":"1","message":"User logged in: username=admin","logger":"com.meridian.service.AuthService","thread_name":"main","level":"INFO","level_value":20000}
{"timestamp":"2026-05-29T09:20:01.366723465Z","@version":"1","message":"User logged in: username=corp1","logger":"com.meridian.service.AuthService","thread_name":"main","level":"INFO","level_value":20000}
{"timestamp":"2026-05-29T09:20:01.615425381Z","@version":"1","message":"User logged in: username=student1","logger":"com.meridian.service.AuthService","thread_name":"main","level":"INFO","level_value":20000}
{"timestamp":"2026-05-29T09:20:01.627184006Z","@version":"1","message":"Registered Quartz job report-543e8f20-8b0a-4df3-90d8-bfb1b28d385a with cron 0 0 6 * * ?","logger":"com.meridian.controller.ReportScheduleController","thread_name":"main","level":"INFO","level_value":20000}
{"timestamp":"2026-05-29T09:20:01.627270048Z","@version":"1","message":"Created report schedule 543e8f20-8b0a-4df3-90d8-bfb1b28d385a for user 33333333-0000-0000-0000-000000000001","logger":"com.meridian.controller.ReportScheduleController","thread_name":"main","level":"INFO","level_value":20000}
{"timestamp":"2026-05-29T09:20:01.634238381Z","@version":"1","message":"Unregistered Quartz job for schedule 543e8f20-8b0a-4df3-90d8-bfb1b28d385a","logger":"com.meridian.controller.ReportScheduleController","thread_name":"main","level":"INFO","level_value":20000}
{"timestamp":"2026-05-29T09:20:01.641011631Z","@version":"1","message":"Deleted report schedule 543e8f20-8b0a-4df3-90d8-bfb1b28d385a by user 33333333-0000-0000-0000-000000000001","logger":"com.meridian.controller.ReportScheduleController","thread_name":"main","level":"INFO","level_value":20000}
]]></system-out>
  </testcase>
  <testcase name="deleteSchedule_unknownId_returns404" classname="com.meridian.api.ReportScheduleControllerTest" time="0.762">
    <system-out><![CDATA[{"timestamp":"2026-05-29T09:20:01.888017548Z","@version":"1","message":"User logged in: username=admin","logger":"com.meridian.service.AuthService","thread_name":"main","level":"INFO","level_value":20000}
{"timestamp":"2026-05-29T09:20:02.13494234Z","@version":"1","message":"User logged in: username=corp1","logger":"com.meridian.service.AuthService","thread_name":"main","level":"INFO","level_value":20000}
{"timestamp":"2026-05-29T09:20:02.395684548Z","@version":"1","message":"User logged in: username=student1","logger":"com.meridian.service.AuthService","thread_name":"main","level":"INFO","level_value":20000}
]]></system-out>
  </testcase>
  <testcase name="deleteSchedule_asStudent_returns403" classname="com.meridian.api.ReportScheduleControllerTest" time="0.754">
    <system-out><![CDATA[{"timestamp":"2026-05-29T09:20:02.654288424Z","@version":"1","message":"User logged in: username=admin","logger":"com.meridian.service.AuthService","thread_name":"main","level":"INFO","level_value":20000}
{"timestamp":"2026-05-29T09:20:02.903907674Z","@version":"1","message":"User logged in: username=corp1","logger":"com.meridian.service.AuthService","thread_name":"main","level":"INFO","level_value":20000}
{"timestamp":"2026-05-29T09:20:03.15165934Z","@version":"1","message":"User logged in: username=student1","logger":"com.meridian.service.AuthService","thread_name":"main","level":"INFO","level_value":20000}
]]></system-out>
  </testcase>
</testsuite>